#
# A fatal error has been detected by the Java Runtime Environment:
#
#  EXCEPTION_ACCESS_VIOLATION (0xc0000005) at pc=0x0000000065fcd3b0, pid=4860, tid=0x0000000000000420
#
# JRE version: OpenJDK Runtime Environment (8.0_152-b02) (build 1.8.0_152-release-1024-b02)
# Java VM: OpenJDK 64-Bit Server VM (25.152-b02 mixed mode windows-amd64 compressed oops)
# Problematic frame:
# V  [jvm.dll+0x46d3b0]
#
# Failed to write core dump. Minidumps are not enabled by default on client versions of Windows
#
# If you would like to submit a bug report, please visit:
#   http://bugreport.java.com/bugreport/crash.jsp
#

---------------  T H R E A D  ---------------

Current thread (0x0000000056214000):  JavaThread "C2 CompilerThread0" daemon [_thread_in_native, id=1056, stack(0x00000000579d0000,0x0000000057ad0000)]

siginfo: ExceptionCode=0xc0000005, writing address 0x0000000000000000

Registers:
RAX=0x0000000000000000, RBX=0x000000005fca80d0, RCX=0x0000000057acbf40, RDX=0x0000000008800000
RSP=0x0000000057acbea8, RBP=0x0000000000000e9b, RSI=0x0000000057acc260, RDI=0x0000000000000f34
R8 =0x0000000008000000, R9 =0x000000005a682400, R10=0x0000000065b60000, R11=0x000000005fdf7210
R12=0x0000000066325090, R13=0x000000005c046420, R14=0x00000000000bdf50, R15=0x0000000065b60000
RIP=0x0000000065fcd3b0, EFLAGS=0x0000000000010246

Top of Stack: (sp=0x0000000057acbea8)
0x0000000057acbea8:   0000000065f960ff 0000000057acc280
0x0000000057acbeb8:   000000005fca5ab0 0000000000000e9b
0x0000000057acbec8:   0000000057acc260 000030b900000000
0x0000000057acbed8:   0000000000000008 000000005e40e6c0
0x0000000057acbee8:   0000000000000033 000000005ce0eb48
0x0000000057acbef8:   0000000000000033 000000005fd1f630
0x0000000057acbf08:   000032bd00000000 0000000000000008
0x0000000057acbf18:   00000000597b0080 0000000000000033
0x0000000057acbf28:   000000005cb25918 0000000000000033
0x0000000057acbf38:   000000005fca2130 00000f3900000000
0x0000000057acbf48:   0000000000000002 0000000059a8d4c0
0x0000000057acbf58:   0000000000000010 00000000597a97a0
0x0000000057acbf68:   0000000000000033 0000000057acc280
0x0000000057acbf78:   0000000000000033 000000005c4fc8c0
0x0000000057acbf88:   0000000057acc260 0000000000000e9b
0x0000000057acbf98:   000000005fd1f630 0000000000001b23 

Instructions: (pc=0x0000000065fcd3b0)
0x0000000065fcd390:   bb 90 00 00 00 72 e9 48 8b 5c 24 40 48 83 c4 20
0x0000000065fcd3a0:   5f c3 cc cc cc cc cc cc cc cc cc cc cc cc cc cc
0x0000000065fcd3b0:   40 57 48 83 ec 20 48 63 51 08 48 8b f9 83 fa 08
0x0000000065fcd3c0:   73 22 48 8b 41 10 48 8d 0c 90 66 0f 1f 44 00 00 


Register to memory mapping:

RAX=0x0000000000000000 is an unknown value
RBX=0x000000005fca80d0 is an unknown value
RCX=0x0000000057acbf40 is pointing into the stack for thread: 0x0000000056214000
RDX=0x0000000008800000 is an unknown value
RSP=0x0000000057acbea8 is pointing into the stack for thread: 0x0000000056214000
RBP=0x0000000000000e9b is an unknown value
RSI=0x0000000057acc260 is pointing into the stack for thread: 0x0000000056214000
RDI=0x0000000000000f34 is an unknown value
R8 =0x0000000008000000 is an unknown value
R9 =0x000000005a682400 is an unknown value
R10=0x0000000065b60000 is an unknown value
R11=0x000000005fdf7210 is an unknown value
R12=0x0000000066325090 is an unknown value
R13=0x000000005c046420 is an unknown value
R14=0x00000000000bdf50 is an unknown value
R15=0x0000000065b60000 is an unknown value


Stack: [0x00000000579d0000,0x0000000057ad0000],  sp=0x0000000057acbea8,  free space=1007k
Native frames: (J=compiled Java code, j=interpreted, Vv=VM code, C=native code)
V  [jvm.dll+0x46d3b0]
V  [jvm.dll+0x4360ff]
V  [jvm.dll+0x437bc8]
V  [jvm.dll+0x437db6]
V  [jvm.dll+0x435944]
V  [jvm.dll+0x434ae4]
V  [jvm.dll+0x43f76b]
V  [jvm.dll+0x44203e]
V  [jvm.dll+0x4250b2]
V  [jvm.dll+0x814c8]
V  [jvm.dll+0x81dff]
V  [jvm.dll+0x21d2df]
V  [jvm.dll+0x26d7ea]
C  [msvcr100.dll+0x21d9f]
C  [msvcr100.dll+0x21e3b]
C  [kernel32.dll+0x1652d]
C  [ntdll.dll+0x2c521]


Current CompileTask:
C2:   5938 1636   !   4       java.net.URLClassLoader$1::run (63 bytes)


---------------  P R O C E S S  ---------------

Java Threads: ( => current thread )
  0x0000000059ffc800 JavaThread "Cache worker for file hash cache (E:\Android_Project_Here\DesignProject2\.gradle\4.4\fileHashes)" [_thread_blocked, id=6548, stack(0x000000005c330000,0x000000005c430000)]
  0x00000000599cc800 JavaThread "File lock request listener" [_thread_in_native, id=4112, stack(0x000000005c180000,0x000000005c280000)]
  0x0000000059cda800 JavaThread "Cache worker for file hash cache (C:\Users\Shafiq\.gradle\caches\4.4\fileHashes)" [_thread_blocked, id=6276, stack(0x000000005ba30000,0x000000005bb30000)]
  0x0000000059b4e000 JavaThread "Stdin handler" [_thread_blocked, id=5820, stack(0x000000005b440000,0x000000005b540000)]
  0x0000000059c74000 JavaThread "Asynchronous log dispatcher for DefaultDaemonConnection: socket connection from /127.0.0.1:51690 to /127.0.0.1:51691" [_thread_blocked, id=5360, stack(0x000000005bce0000,0x000000005bde0000)]
  0x0000000057e93800 JavaThread "Daemon worker" [_thread_in_native, id=2156, stack(0x000000005bb60000,0x000000005bc60000)]
  0x0000000059c73800 JavaThread "Cancel handler" [_thread_blocked, id=5872, stack(0x000000005b930000,0x000000005ba30000)]
  0x0000000059350000 JavaThread "Handler for socket connection from /127.0.0.1:51690 to /127.0.0.1:51691" [_thread_in_native, id=6476, stack(0x000000005b550000,0x000000005b650000)]
  0x000000005934a800 JavaThread "Daemon" [_thread_blocked, id=5540, stack(0x000000005b100000,0x000000005b200000)]
  0x00000000590b2000 JavaThread "Daemon periodic checks" [_thread_blocked, id=6908, stack(0x000000005b2c0000,0x000000005b3c0000)]
  0x00000000590f2800 JavaThread "Incoming local TCP Connector on port 51690" [_thread_in_native, id=6744, stack(0x000000005b000000,0x000000005b100000)]
  0x0000000057c4f800 JavaThread "Service Thread" daemon [_thread_blocked, id=4640, stack(0x0000000058300000,0x0000000058400000)]
  0x0000000057bd2800 JavaThread "C1 CompilerThread2" daemon [_thread_blocked, id=676, stack(0x00000000581c0000,0x00000000582c0000)]
  0x0000000057bd1000 JavaThread "C2 CompilerThread1" daemon [_thread_in_native, id=7136, stack(0x0000000058030000,0x0000000058130000)]
=>0x0000000056214000 JavaThread "C2 CompilerThread0" daemon [_thread_in_native, id=1056, stack(0x00000000579d0000,0x0000000057ad0000)]
  0x000000005621e800 JavaThread "Attach Listener" daemon [_thread_blocked, id=4624, stack(0x0000000057ad0000,0x0000000057bd0000)]
  0x000000005621d000 JavaThread "Signal Dispatcher" daemon [_thread_blocked, id=1704, stack(0x00000000578a0000,0x00000000579a0000)]
  0x00000000561f9000 JavaThread "Finalizer" daemon [_thread_blocked, id=4368, stack(0x00000000576b0000,0x00000000577b0000)]
  0x00000000561b2000 JavaThread "Reference Handler" daemon [_thread_blocked, id=2464, stack(0x00000000573c0000,0x00000000574c0000)]
  0x000000000221e000 JavaThread "main" [_thread_blocked, id=4452, stack(0x0000000002310000,0x0000000002410000)]

Other Threads:
  0x00000000561aa800 VMThread [stack: 0x0000000057290000,0x0000000057390000] [id=4380]
  0x0000000057c52000 WatcherThread [stack: 0x00000000575b0000,0x00000000576b0000] [id=5860]

VM state:not at safepoint (normal execution)

VM Mutex/Monitor currently owned by a thread: None

Heap:
 PSYoungGen      total 138240K, used 15543K [0x00000000e0000000, 0x00000000e8c00000, 0x0000000100000000)
  eden space 133120K, 11% used [0x00000000e0000000,0x00000000e0f2dc38,0x00000000e8200000)
  from space 5120K, 0% used [0x00000000e8700000,0x00000000e8700000,0x00000000e8c00000)
  to   space 5120K, 0% used [0x00000000e8200000,0x00000000e8200000,0x00000000e8700000)
 ParOldGen       total 63488K, used 9237K [0x00000000a0000000, 0x00000000a3e00000, 0x00000000e0000000)
  object space 63488K, 14% used [0x00000000a0000000,0x00000000a09057d8,0x00000000a3e00000)
 Metaspace       used 22483K, capacity 22902K, committed 23040K, reserved 1069056K
  class space    used 3057K, capacity 3201K, committed 3328K, reserved 1048576K

Card table byte_map: [0x0000000011aa0000,0x0000000011db0000] byte_map_base: 0x00000000115a0000

Marking Bits: (ParMarkBitMap*) 0x0000000066324970
 Begin Bits: [0x0000000012520000, 0x0000000013d20000)
 End Bits:   [0x0000000013d20000, 0x0000000015520000)

Polling page: 0x0000000000330000

CodeCache: size=245760Kb used=7190Kb max_used=7190Kb free=238570Kb
 bounds [0x00000000026e0000, 0x0000000002df0000, 0x00000000116e0000]
 total_blobs=2427 nmethods=1798 adapters=542
 compilation: enabled

Compilation events (10 events):
Event: 5.761 Thread 0x0000000057bd2800 1804       3       org.codehaus.groovy.reflection.CachedMethod::compareToMethod (125 bytes)
Event: 5.762 Thread 0x0000000057bd2800 nmethod 1804 0x0000000002ce2550 code [0x0000000002ce27c0, 0x0000000002ce3c48]
Event: 5.762 Thread 0x0000000057bd2800 1803       3       org.codehaus.groovy.reflection.CachedMethod$MyComparator::compare (43 bytes)
Event: 5.763 Thread 0x0000000057bd2800 nmethod 1803 0x0000000002ce44d0 code [0x0000000002ce4700, 0x0000000002ce54c8]
Event: 5.763 Thread 0x0000000057bd2800 1805       1       groovy.lang.MetaProperty::getType (5 bytes)
Event: 5.763 Thread 0x0000000057bd2800 nmethod 1805 0x0000000002ce57d0 code [0x0000000002ce5920, 0x0000000002ce5a30]
Event: 5.763 Thread 0x0000000057bd2800 1806       1       groovy.lang.MetaBeanProperty::getGetter (5 bytes)
Event: 5.763 Thread 0x0000000057bd2800 nmethod 1806 0x0000000002ce5a90 code [0x0000000002ce5be0, 0x0000000002ce5cf0]
Event: 5.763 Thread 0x0000000057bd2800 1807       1       groovy.lang.MetaBeanProperty::getField (5 bytes)
Event: 5.763 Thread 0x0000000057bd2800 nmethod 1807 0x0000000002ce5d50 code [0x0000000002ce5ea0, 0x0000000002ce5fb0]

GC Heap History (10 events):
Event: 0.636 GC heap before
{Heap before GC invocations=1 (full 0):
 PSYoungGen      total 38400K, used 33280K [0x00000000e0000000, 0x00000000e2a80000, 0x0000000100000000)
  eden space 33280K, 100% used [0x00000000e0000000,0x00000000e2080000,0x00000000e2080000)
  from space 5120K, 0% used [0x00000000e2580000,0x00000000e2580000,0x00000000e2a80000)
  to   space 5120K, 0% used [0x00000000e2080000,0x00000000e2080000,0x00000000e2580000)
 ParOldGen       total 87552K, used 0K [0x00000000a0000000, 0x00000000a5580000, 0x00000000e0000000)
  object space 87552K, 0% used [0x00000000a0000000,0x00000000a0000000,0x00000000a5580000)
 Metaspace       used 6546K, capacity 6702K, committed 6784K, reserved 1056768K
  class space    used 803K, capacity 875K, committed 896K, reserved 1048576K
Event: 0.655 GC heap after
Heap after GC invocations=1 (full 0):
 PSYoungGen      total 38400K, used 4062K [0x00000000e0000000, 0x00000000e4b00000, 0x0000000100000000)
  eden space 33280K, 0% used [0x00000000e0000000,0x00000000e0000000,0x00000000e2080000)
  from space 5120K, 79% used [0x00000000e2080000,0x00000000e2477930,0x00000000e2580000)
  to   space 5120K, 0% used [0x00000000e4600000,0x00000000e4600000,0x00000000e4b00000)
 ParOldGen       total 87552K, used 8K [0x00000000a0000000, 0x00000000a5580000, 0x00000000e0000000)
  object space 87552K, 0% used [0x00000000a0000000,0x00000000a0002000,0x00000000a5580000)
 Metaspace       used 6546K, capacity 6702K, committed 6784K, reserved 1056768K
  class space    used 803K, capacity 875K, committed 896K, reserved 1048576K
}
Event: 1.688 GC heap before
{Heap before GC invocations=2 (full 0):
 PSYoungGen      total 38400K, used 37342K [0x00000000e0000000, 0x00000000e4b00000, 0x0000000100000000)
  eden space 33280K, 100% used [0x00000000e0000000,0x00000000e2080000,0x00000000e2080000)
  from space 5120K, 79% used [0x00000000e2080000,0x00000000e2477930,0x00000000e2580000)
  to   space 5120K, 0% used [0x00000000e4600000,0x00000000e4600000,0x00000000e4b00000)
 ParOldGen       total 87552K, used 8K [0x00000000a0000000, 0x00000000a5580000, 0x00000000e0000000)
  object space 87552K, 0% used [0x00000000a0000000,0x00000000a0002000,0x00000000a5580000)
 Metaspace       used 11525K, capacity 11792K, committed 11904K, reserved 1058816K
  class space    used 1526K, capacity 1630K, committed 1664K, reserved 1048576K
Event: 1.713 GC heap after
Heap after GC invocations=2 (full 0):
 PSYoungGen      total 71680K, used 5117K [0x00000000e0000000, 0x00000000e4b00000, 0x0000000100000000)
  eden space 66560K, 0% used [0x00000000e0000000,0x00000000e0000000,0x00000000e4100000)
  from space 5120K, 99% used [0x00000000e4600000,0x00000000e4aff768,0x00000000e4b00000)
  to   space 5120K, 0% used [0x00000000e4100000,0x00000000e4100000,0x00000000e4600000)
 ParOldGen       total 87552K, used 378K [0x00000000a0000000, 0x00000000a5580000, 0x00000000e0000000)
  object space 87552K, 0% used [0x00000000a0000000,0x00000000a005ea50,0x00000000a5580000)
 Metaspace       used 11525K, capacity 11792K, committed 11904K, reserved 1058816K
  class space    used 1526K, capacity 1630K, committed 1664K, reserved 1048576K
}
Event: 4.435 GC heap before
{Heap before GC invocations=3 (full 0):
 PSYoungGen      total 71680K, used 71677K [0x00000000e0000000, 0x00000000e4b00000, 0x0000000100000000)
  eden space 66560K, 100% used [0x00000000e0000000,0x00000000e4100000,0x00000000e4100000)
  from space 5120K, 99% used [0x00000000e4600000,0x00000000e4aff768,0x00000000e4b00000)
  to   space 5120K, 0% used [0x00000000e4100000,0x00000000e4100000,0x00000000e4600000)
 ParOldGen       total 87552K, used 378K [0x00000000a0000000, 0x00000000a5580000, 0x00000000e0000000)
  object space 87552K, 0% used [0x00000000a0000000,0x00000000a005ea50,0x00000000a5580000)
 Metaspace       used 17438K, capacity 17866K, committed 18048K, reserved 1064960K
  class space    used 2519K, capacity 2653K, committed 2688K, reserved 1048576K
Event: 4.447 GC heap after
Heap after GC invocations=3 (full 0):
 PSYoungGen      total 71680K, used 5088K [0x00000000e0000000, 0x00000000e8c00000, 0x0000000100000000)
  eden space 66560K, 0% used [0x00000000e0000000,0x00000000e0000000,0x00000000e4100000)
  from space 5120K, 99% used [0x00000000e4100000,0x00000000e45f8020,0x00000000e4600000)
  to   space 5120K, 0% used [0x00000000e8700000,0x00000000e8700000,0x00000000e8c00000)
 ParOldGen       total 87552K, used 6181K [0x00000000a0000000, 0x00000000a5580000, 0x00000000e0000000)
  object space 87552K, 7% used [0x00000000a0000000,0x00000000a0609558,0x00000000a5580000)
 Metaspace       used 17438K, capacity 17866K, committed 18048K, reserved 1064960K
  class space    used 2519K, capacity 2653K, committed 2688K, reserved 1048576K
}
Event: 5.427 GC heap before
{Heap before GC invocations=4 (full 0):
 PSYoungGen      total 71680K, used 20987K [0x00000000e0000000, 0x00000000e8c00000, 0x0000000100000000)
  eden space 66560K, 23% used [0x00000000e0000000,0x00000000e0f86e00,0x00000000e4100000)
  from space 5120K, 99% used [0x00000000e4100000,0x00000000e45f8020,0x00000000e4600000)
  to   space 5120K, 0% used [0x00000000e8700000,0x00000000e8700000,0x00000000e8c00000)
 ParOldGen       total 87552K, used 6181K [0x00000000a0000000, 0x00000000a5580000, 0x00000000e0000000)
  object space 87552K, 7% used [0x00000000a0000000,0x00000000a0609558,0x00000000a5580000)
 Metaspace       used 20862K, capacity 21200K, committed 21248K, reserved 1067008K
  class space    used 2916K, capacity 3039K, committed 3072K, reserved 1048576K
Event: 5.440 GC heap after
Heap after GC invocations=4 (full 0):
 PSYoungGen      total 138240K, used 5092K [0x00000000e0000000, 0x00000000e8c00000, 0x0000000100000000)
  eden space 133120K, 0% used [0x00000000e0000000,0x00000000e0000000,0x00000000e8200000)
  from space 5120K, 99% used [0x00000000e8700000,0x00000000e8bf9070,0x00000000e8c00000)
  to   space 5120K, 0% used [0x00000000e8200000,0x00000000e8200000,0x00000000e8700000)
 ParOldGen       total 87552K, used 8905K [0x00000000a0000000, 0x00000000a5580000, 0x00000000e0000000)
  object space 87552K, 10% used [0x00000000a0000000,0x00000000a08b2510,0x00000000a5580000)
 Metaspace       used 20862K, capacity 21200K, committed 21248K, reserved 1067008K
  class space    used 2916K, capacity 3039K, committed 3072K, reserved 1048576K
}
Event: 5.440 GC heap before
{Heap before GC invocations=5 (full 1):
 PSYoungGen      total 138240K, used 5092K [0x00000000e0000000, 0x00000000e8c00000, 0x0000000100000000)
  eden space 133120K, 0% used [0x00000000e0000000,0x00000000e0000000,0x00000000e8200000)
  from space 5120K, 99% used [0x00000000e8700000,0x00000000e8bf9070,0x00000000e8c00000)
  to   space 5120K, 0% used [0x00000000e8200000,0x00000000e8200000,0x00000000e8700000)
 ParOldGen       total 87552K, used 8905K [0x00000000a0000000, 0x00000000a5580000, 0x00000000e0000000)
  object space 87552K, 10% used [0x00000000a0000000,0x00000000a08b2510,0x00000000a5580000)
 Metaspace       used 20862K, capacity 21200K, committed 21248K, reserved 1067008K
  class space    used 2916K, capacity 3039K, committed 3072K, reserved 1048576K
Event: 5.518 GC heap after
Heap after GC invocations=5 (full 1):
 PSYoungGen      total 138240K, used 0K [0x00000000e0000000, 0x00000000e8c00000, 0x0000000100000000)
  eden space 133120K, 0% used [0x00000000e0000000,0x00000000e0000000,0x00000000e8200000)
  from space 5120K, 0% used [0x00000000e8700000,0x00000000e8700000,0x00000000e8c00000)
  to   space 5120K, 0% used [0x00000000e8200000,0x00000000e8200000,0x00000000e8700000)
 ParOldGen       total 63488K, used 9237K [0x00000000a0000000, 0x00000000a3e00000, 0x00000000e0000000)
  object space 63488K, 14% used [0x00000000a0000000,0x00000000a09057d8,0x00000000a3e00000)
 Metaspace       used 20862K, capacity 21200K, committed 21248K, reserved 1067008K
  class space    used 2916K, capacity 3039K, committed 3072K, reserved 1048576K
}

Deoptimization events (10 events):
Event: 4.683 Thread 0x0000000057e93800 Uncommon trap: reason=class_check action=maybe_recompile pc=0x0000000002896e50 method=java.lang.String.equals(Ljava/lang/Object;)Z @ 8
Event: 4.683 Thread 0x0000000057e93800 Uncommon trap: reason=class_check action=maybe_recompile pc=0x0000000002896e50 method=java.lang.String.equals(Ljava/lang/Object;)Z @ 8
Event: 4.683 Thread 0x0000000057e93800 Uncommon trap: reason=class_check action=maybe_recompile pc=0x0000000002896e50 method=java.lang.String.equals(Ljava/lang/Object;)Z @ 8
Event: 4.683 Thread 0x0000000057e93800 Uncommon trap: reason=class_check action=maybe_recompile pc=0x0000000002896e50 method=java.lang.String.equals(Ljava/lang/Object;)Z @ 8
Event: 4.893 Thread 0x0000000057e93800 Uncommon trap: reason=class_check action=maybe_recompile pc=0x00000000028b027c method=sun.misc.URLClassPath.getLoader(I)Lsun/misc/URLClassPath$Loader; @ 94
Event: 4.893 Thread 0x0000000057e93800 Uncommon trap: reason=class_check action=maybe_recompile pc=0x00000000029d4adc method=sun.misc.URLClassPath.getResource(Ljava/lang/String;Z)Lsun/misc/Resource; @ 62
Event: 4.910 Thread 0x0000000057e93800 Uncommon trap: reason=unstable_if action=reinterpret pc=0x0000000002c1ecf4 method=java.lang.ClassLoader.getClassLoadingLock(Ljava/lang/String;)Ljava/lang/Object; @ 6
Event: 5.637 Thread 0x0000000057e93800 Uncommon trap: reason=class_check action=maybe_recompile pc=0x00000000028b041c method=sun.misc.URLClassPath.getLoader(I)Lsun/misc/URLClassPath$Loader; @ 239
Event: 5.651 Thread 0x0000000057e93800 Uncommon trap: reason=class_check action=maybe_recompile pc=0x00000000028b041c method=sun.misc.URLClassPath.getLoader(I)Lsun/misc/URLClassPath$Loader; @ 239
Event: 5.736 Thread 0x0000000057e93800 Uncommon trap: reason=class_check action=maybe_recompile pc=0x00000000028b041c method=sun.misc.URLClassPath.getLoader(I)Lsun/misc/URLClassPath$Loader; @ 239

Classes redefined (0 events):
No events

Internal exceptions (10 events):
Event: 5.643 Thread 0x0000000057e93800 Exception <a 'java/lang/ClassNotFoundException': org/gradle/groovy/scripts/BasicScriptCustomizer> (0x00000000e06d7a10) thrown at [D:\src\AOSP-openjdk-cygwin\jdk8u\hotspot\src\share\vm\classfile\systemDictionary.cpp, line 210]
Event: 5.645 Thread 0x0000000057e93800 Exception <a 'java/lang/ClassNotFoundException': org/gradle/groovy/scripts/DefaultScriptCustomizer> (0x00000000e06f88e8) thrown at [D:\src\AOSP-openjdk-cygwin\jdk8u\hotspot\src\share\vm\classfile\systemDictionary.cpp, line 210]
Event: 5.650 Thread 0x0000000057e93800 Exception <a 'java/lang/ClassNotFoundException': org/gradle/initialization/InitScriptCustomizer> (0x00000000e0747208) thrown at [D:\src\AOSP-openjdk-cygwin\jdk8u\hotspot\src\share\vm\classfile\systemDictionary.cpp, line 210]
Event: 5.651 Thread 0x0000000057e93800 Exception <a 'java/lang/ClassNotFoundException': ijinit15_eags4ypmkhfev2qh693ujxjj9Customizer> (0x00000000e075a000) thrown at [D:\src\AOSP-openjdk-cygwin\jdk8u\hotspot\src\share\vm\classfile\systemDictionary.cpp, line 210]
Event: 5.690 Thread 0x0000000057e93800 Exception <a 'java/lang/ClassNotFoundException': org/gradle/api/internal/plugins/DefaultExtraPropertiesExtensionBeanInfo> (0x00000000e082d440) thrown at [D:\src\AOSP-openjdk-cygwin\jdk8u\hotspot\src\share\vm\classfile\systemDictionary.cpp, line 210]
Event: 5.690 Thread 0x0000000057e93800 Exception <a 'java/lang/ClassNotFoundException': org/gradle/api/internal/plugins/DefaultExtraPropertiesExtensionCustomizer> (0x00000000e0843f08) thrown at [D:\src\AOSP-openjdk-cygwin\jdk8u\hotspot\src\share\vm\classfile\systemDictionary.cpp, line 210]
Event: 5.739 Thread 0x0000000057e93800 Exception <a 'java/lang/ClassNotFoundException': groovy/lang/Closure$1BeanInfo> (0x00000000e0925bd8) thrown at [D:\src\AOSP-openjdk-cygwin\jdk8u\hotspot\src\share\vm\classfile\systemDictionary.cpp, line 210]
Event: 5.739 Thread 0x0000000057e93800 Exception <a 'java/lang/ClassNotFoundException': groovy/lang/ClosureBeanInfo> (0x00000000e093e378) thrown at [D:\src\AOSP-openjdk-cygwin\jdk8u\hotspot\src\share\vm\classfile\systemDictionary.cpp, line 210]
Event: 5.740 Thread 0x0000000057e93800 Exception <a 'java/lang/ClassNotFoundException': groovy/lang/ClosureCustomizer> (0x00000000e09575a8) thrown at [D:\src\AOSP-openjdk-cygwin\jdk8u\hotspot\src\share\vm\classfile\systemDictionary.cpp, line 210]
Event: 5.744 Thread 0x0000000057e93800 Exception <a 'java/lang/ClassNotFoundException': groovy/lang/Closure$1Customizer> (0x00000000e0998f60) thrown at [D:\src\AOSP-openjdk-cygwin\jdk8u\hotspot\src\share\vm\classfile\systemDictionary.cpp, line 210]

Events (10 events):
Event: 5.746 loading class org/codehaus/groovy/runtime/metaclass/ClosureMetaClass
Event: 5.746 loading class org/codehaus/groovy/runtime/metaclass/ClosureMetaClass done
Event: 5.758 loading class org/codehaus/groovy/runtime/metaclass/ClosureMetaClass$1
Event: 5.758 loading class org/codehaus/groovy/runtime/metaclass/ClosureMetaClass$1 done
Event: 5.759 loading class org/codehaus/groovy/runtime/metaclass/ClosureMetaClass$MethodChooser
Event: 5.759 loading class org/codehaus/groovy/runtime/metaclass/ClosureMetaClass$MethodChooser done
Event: 5.761 loading class org/codehaus/groovy/runtime/metaclass/ClosureMetaClass$StandardClosureChooser
Event: 5.761 loading class org/codehaus/groovy/runtime/metaclass/ClosureMetaClass$StandardClosureChooser done
Event: 5.762 loading class org/codehaus/groovy/runtime/ArrayUtil
Event: 5.762 loading class org/codehaus/groovy/runtime/ArrayUtil done


Dynamic libraries:
0x000000013fbb0000 - 0x000000013fbe1000 	C:\Program Files\Android\Android Studio\jre\bin\java.exe
0x0000000076cc0000 - 0x0000000076e69000 	C:\Windows\SYSTEM32\ntdll.dll
0x0000000076aa0000 - 0x0000000076bbf000 	C:\Windows\system32\kernel32.dll
0x000007fefce30000 - 0x000007fefce9b000 	C:\Windows\system32\KERNELBASE.dll
0x000007fefe9f0000 - 0x000007fefeacb000 	C:\Windows\system32\ADVAPI32.dll
0x000007fefd110000 - 0x000007fefd1af000 	C:\Windows\system32\msvcrt.dll
0x000007fefd900000 - 0x000007fefd91f000 	C:\Windows\SYSTEM32\sechost.dll
0x000007fefcfe0000 - 0x000007fefd10d000 	C:\Windows\system32\RPCRT4.dll
0x0000000076bc0000 - 0x0000000076cba000 	C:\Windows\system32\USER32.dll
0x000007fefe980000 - 0x000007fefe9e7000 	C:\Windows\system32\GDI32.dll
0x000007fefead0000 - 0x000007fefeade000 	C:\Windows\system32\LPK.dll
0x000007fefed80000 - 0x000007fefee49000 	C:\Windows\system32\USP10.dll
0x000007fefb3f0000 - 0x000007fefb5e4000 	C:\Windows\WinSxS\amd64_microsoft.windows.common-controls_6595b64144ccf1df_6.0.7601.17514_none_fa396087175ac9ac\COMCTL32.dll
0x000007fefd950000 - 0x000007fefd9c1000 	C:\Windows\system32\SHLWAPI.dll
0x000007fefd920000 - 0x000007fefd94e000 	C:\Windows\system32\IMM32.DLL
0x000007fefd250000 - 0x000007fefd359000 	C:\Windows\system32\MSCTF.dll
0x000007fefcbd0000 - 0x000007fefcc01000 	C:\Windows\system32\nvinitx.dll
0x000007fefcbc0000 - 0x000007fefcbcc000 	C:\Windows\system32\VERSION.dll
0x00000000744a0000 - 0x00000000744a6000 	C:\Program Files\NVIDIA Corporation\CoProcManager\detoured.dll
0x000007fef9920000 - 0x000007fef9952000 	C:\Program Files\NVIDIA Corporation\CoProcManager\nvd3d9wrapx.dll
0x000007fefeb80000 - 0x000007fefed57000 	C:\Windows\system32\SETUPAPI.dll
0x000007fefcfa0000 - 0x000007fefcfd6000 	C:\Windows\system32\CFGMGR32.dll
0x000007fefd9d0000 - 0x000007fefdaa7000 	C:\Windows\system32\OLEAUT32.dll
0x000007fefd490000 - 0x000007fefd693000 	C:\Windows\system32\ole32.dll
0x000007fefcf40000 - 0x000007fefcf5a000 	C:\Windows\system32\DEVOBJ.dll
0x000007fef8ea0000 - 0x000007fef8ec2000 	C:\Program Files\NVIDIA Corporation\CoProcManager\nvdxgiwrapx.dll
0x0000000070340000 - 0x0000000070412000 	C:\Program Files\Android\Android Studio\jre\jre\bin\msvcr100.dll
0x0000000065b60000 - 0x000000006639f000 	C:\Program Files\Android\Android Studio\jre\jre\bin\server\jvm.dll
0x000007fef6ef0000 - 0x000007fef6ef9000 	C:\Windows\system32\WSOCK32.dll
0x000007fefdb20000 - 0x000007fefdb6d000 	C:\Windows\system32\WS2_32.dll
0x000007fefdb10000 - 0x000007fefdb18000 	C:\Windows\system32\NSI.dll
0x000007fefab50000 - 0x000007fefab8b000 	C:\Windows\system32\WINMM.dll
0x0000000076e90000 - 0x0000000076e97000 	C:\Windows\system32\PSAPI.DLL
0x000007fefa2e0000 - 0x000007fefa2ef000 	C:\Program Files\Android\Android Studio\jre\jre\bin\verify.dll
0x000007feedf70000 - 0x000007feedf99000 	C:\Program Files\Android\Android Studio\jre\jre\bin\java.dll
0x000007fef6e80000 - 0x000007fef6e96000 	C:\Program Files\Android\Android Studio\jre\jre\bin\zip.dll
0x000007fefdb70000 - 0x000007fefe8f8000 	C:\Windows\system32\SHELL32.dll
0x000007fefcc10000 - 0x000007fefcc1f000 	C:\Windows\system32\profapi.dll
0x000007fef6ed0000 - 0x000007fef6eea000 	C:\Program Files\Android\Android Studio\jre\jre\bin\net.dll
0x000007fefc3f0000 - 0x000007fefc445000 	C:\Windows\system32\mswsock.dll
0x000007fefc3e0000 - 0x000007fefc3e7000 	C:\Windows\System32\wship6.dll
0x000007fef19e0000 - 0x000007fef19f1000 	C:\Program Files\Android\Android Studio\jre\jre\bin\nio.dll
0x000007fefb3c0000 - 0x000007fefb3de000 	C:\Users\Shafiq\.gradle\native\25\windows-amd64\native-platform.dll
0x000007fef6df0000 - 0x000007fef6dfd000 	C:\Program Files\Android\Android Studio\jre\jre\bin\management.dll
0x000007fefc450000 - 0x000007fefc467000 	C:\Windows\system32\CRYPTSP.dll
0x000007fefc150000 - 0x000007fefc197000 	C:\Windows\system32\rsaenh.dll
0x000007fefbf10000 - 0x000007fefbf2e000 	C:\Windows\system32\USERENV.dll
0x000007fefcaf0000 - 0x000007fefcaff000 	C:\Windows\system32\CRYPTBASE.dll
0x000007fefa5f0000 - 0x000007fefa617000 	C:\Windows\system32\IPHLPAPI.DLL
0x000007fefa5e0000 - 0x000007fefa5eb000 	C:\Windows\system32\WINNSI.DLL
0x000007fef9de0000 - 0x000007fef9df8000 	C:\Windows\system32\dhcpcsvc.DLL
0x000007fef9dc0000 - 0x000007fef9dd1000 	C:\Windows\system32\dhcpcsvc6.DLL
0x000007feecb30000 - 0x000007feecc55000 	C:\Windows\system32\dbghelp.dll

VM Arguments:
jvm_args: -Xmx1536m -Dfile.encoding=windows-1252 -Duser.country=US -Duser.language=en -Duser.variant 
java_command: org.gradle.launcher.daemon.bootstrap.GradleDaemon 4.4
java_class_path (initial): C:\Users\Shafiq\.gradle\wrapper\dists\gradle-4.4-all\9br9xq1tocpiv8o6njlyu5op1\gradle-4.4\lib\gradle-launcher-4.4.jar
Launcher Type: SUN_STANDARD

Environment Variables:
PATH=C:\Program Files (x86)\Common Files\Oracle\Java\javapath;C:\ProgramData\Oracle\Java\javapath;C:\Program Files (x86)\Common Files\ArcSoft\Bin;C:\Windows\system32;C:\Windows;C:\Windows\System32\Wbem;C:\Windows\System32\WindowsPowerShell\v1.0\
USERNAME=Shafiq
OS=Windows_NT
PROCESSOR_IDENTIFIER=Intel64 Family 6 Model 61 Stepping 4, GenuineIntel



---------------  S Y S T E M  ---------------

OS: Windows 7 , 64 bit Build 7601 (6.1.7601.17514)

CPU:total 4 (initial active 4) (2 cores per cpu, 2 threads per core) family 6 model 61 stepping 4, cmov, cx8, fxsr, mmx, sse, sse2, sse3, ssse3, sse4.1, sse4.2, popcnt, avx, avx2, aes, clmul, erms, 3dnowpref, lzcnt, ht, tsc, tscinvbit, bmi1, bmi2, adx

Memory: 4k page, physical 8297976k(5789448k free), swap 16594108k(13003404k free)

vm_info: OpenJDK 64-Bit Server VM (25.152-b02) for windows-amd64 JRE (1.8.0_152-release-1024-b02), built by "builder" with MS VC++ 10.0 (VS2010)

time: Mon Jul 16 13:08:58 2018
elapsed time: 5 seconds (0d 0h 0m 5s)

