#
# A fatal error has been detected by the Java Runtime Environment:
#
#  EXCEPTION_ACCESS_VIOLATION (0xc0000005) at pc=0x00000000643264e2, pid=3948, tid=0x00000000000013f0
#
# JRE version: OpenJDK Runtime Environment (8.0_152-b02) (build 1.8.0_152-release-1024-b02)
# Java VM: OpenJDK 64-Bit Server VM (25.152-b02 mixed mode windows-amd64 compressed oops)
# Problematic frame:
# V  [jvm.dll+0x4564e2]
#
# Failed to write core dump. Minidumps are not enabled by default on client versions of Windows
#
# If you would like to submit a bug report, please visit:
#   http://bugreport.java.com/bugreport/crash.jsp
#

---------------  T H R E A D  ---------------

Current thread (0x0000000057dd0800):  JavaThread "C2 CompilerThread1" daemon [_thread_in_native, id=5104, stack(0x0000000058230000,0x0000000058330000)]

siginfo: ExceptionCode=0xc0000005, reading address 0x0000000000000027

Registers:
RAX=0x00000000000009f2, RBX=0x0000000000000001, RCX=0x00000000000009f2, RDX=0x000000006505fc70
RSP=0x000000005832c180, RBP=0x000000005832c1d8, RSI=0x000000005d329370, RDI=0xffffffffffffffff
R8 =0x0000000000000000, R9 =0x000000006505fcd0, R10=0x000000006505fcd8, R11=0x000000006505fd70
R12=0x0000000060011198, R13=0x000000005832c390, R14=0x000000005832c278, R15=0x0000000000000000
RIP=0x00000000643264e2, EFLAGS=0x0000000000010297

Top of Stack: (sp=0x000000005832c180)
0x000000005832c180:   000000005832c390 0000000060011198
0x000000005832c190:   0000000000000001 000000005832c1d8
0x000000005832c1a0:   00002bca000009f2 0000000000000000
0x000000005832c1b0:   0000000000000007 0000000059f82e20
0x000000005832c1c0:   00000000565af020 000000005e2907c0
0x000000005832c1d0:   000000005e292398 000000005e28a3b0
0x000000005832c1e0:   000000005832c279 000000006432720c
0x000000005832c1f0:   000000005832c390 0000000000000200
0x000000005832c200:   00000000565af020 000000005df1ca10
0x000000005832c210:   0000000000000001 00000000672a5db0
0x000000005832c220:   0000000000000000 0000000000000000
0x000000005832c230:   0000000000000000 0000000000000000
0x000000005832c240:   0000000000000000 0000000000000000
0x000000005832c250:   0000000000000000 0000000064327f07
0x000000005832c260:   000000005832c2b0 000000005df1ca10
0x000000005832c270:   0000000000000001 0000000064507f08 

Instructions: (pc=0x00000000643264e2)
0x00000000643264c2:   8b 5d e0 48 63 c1 ff c1 89 4d c8 48 89 34 c3 bb
0x00000000643264d2:   01 00 00 00 48 ff cf 0f 89 13 ff ff ff 8b 45 c8
0x00000000643264e2:   85 c0 0f 85 26 fe ff ff 4c 8b 64 24 50 48 8b bc
0x00000000643264f2:   24 80 00 00 00 48 8b 74 24 78 48 83 7d d0 01 4c 


Register to memory mapping:

RAX=0x00000000000009f2 is an unknown value
RBX=0x0000000000000001 is an unknown value
RCX=0x00000000000009f2 is an unknown value
RDX=0x000000006505fc70 is an unknown value
RSP=0x000000005832c180 is pointing into the stack for thread: 0x0000000057dd0800
RBP=0x000000005832c1d8 is pointing into the stack for thread: 0x0000000057dd0800
RSI=0x000000005d329370 is an unknown value
RDI=0xffffffffffffffff is an unknown value
R8 =0x0000000000000000 is an unknown value
R9 =0x000000006505fcd0 is an unknown value
R10=0x000000006505fcd8 is an unknown value
R11=0x000000006505fd70 is an unknown value
R12=0x0000000060011198 is an unknown value
R13=0x000000005832c390 is pointing into the stack for thread: 0x0000000057dd0800
R14=0x000000005832c278 is pointing into the stack for thread: 0x0000000057dd0800
R15=0x0000000000000000 is an unknown value


Stack: [0x0000000058230000,0x0000000058330000],  sp=0x000000005832c180,  free space=1008k
Native frames: (J=compiled Java code, j=interpreted, Vv=VM code, C=native code)
V  [jvm.dll+0x4564e2]
V  [jvm.dll+0x45720c]
V  [jvm.dll+0x45818a]
V  [jvm.dll+0x43f68c]
V  [jvm.dll+0x44203e]
V  [jvm.dll+0x4250b2]
V  [jvm.dll+0x814c8]
V  [jvm.dll+0x81dff]
V  [jvm.dll+0x21d2df]
V  [jvm.dll+0x26d7ea]
C  [msvcr100.dll+0x21d9f]
C  [msvcr100.dll+0x21e3b]
C  [kernel32.dll+0x1652d]
C  [ntdll.dll+0x2c521]


Current CompileTask:
C2:14319023 27823 % !   4       com.android.apkzlib.zip.ZFile::update @ 89 (779 bytes)


---------------  P R O C E S S  ---------------

Java Threads: ( => current thread )
  0x000000005c015000 JavaThread "ForkJoinPool.commonPool-worker-6" daemon [_thread_blocked, id=2536, stack(0x0000000067ee0000,0x0000000067fe0000)]
  0x0000000064f18800 JavaThread "Task worker for ':' Thread 3" [_thread_blocked, id=3644, stack(0x0000000067de0000,0x0000000067ee0000)]
  0x0000000064f17800 JavaThread "Task worker for ':' Thread 2" [_thread_blocked, id=4136, stack(0x0000000063dc0000,0x0000000063ec0000)]
  0x0000000064f17000 JavaThread "Task worker for ':'" [_thread_blocked, id=3560, stack(0x0000000066350000,0x0000000066450000)]
  0x0000000064f16000 JavaThread "Cache worker for Build Output Cleanup Cache (E:\Android_Project_Here\DesignProject2\.gradle\buildOutputCleanup)" [_thread_blocked, id=4748, stack(0x0000000060a20000,0x0000000060b20000)]
  0x0000000064f13000 JavaThread "Cache worker for task history cache (E:\Android_Project_Here\DesignProject2\.gradle\4.4\taskHistory)" [_thread_blocked, id=5888, stack(0x0000000063870000,0x0000000063970000)]
  0x0000000064f14000 JavaThread "Cache worker for file content cache (E:\Android_Project_Here\DesignProject2\.gradle\4.4\fileContent)" [_thread_blocked, id=3792, stack(0x0000000062940000,0x0000000062a40000)]
  0x0000000064f12800 JavaThread "build operations Thread 4" [_thread_in_native, id=4520, stack(0x0000000062820000,0x0000000062920000)]
  0x0000000059223800 JavaThread "build operations Thread 3" [_thread_blocked, id=5708, stack(0x000000005c7a0000,0x000000005c8a0000)]
  0x0000000059223000 JavaThread "build operations Thread 2" [_thread_blocked, id=5208, stack(0x0000000062620000,0x0000000062720000)]
  0x0000000059222000 JavaThread "build operations" [_thread_blocked, id=5872, stack(0x00000000621b0000,0x00000000622b0000)]
  0x0000000059217800 JavaThread "Cache worker for Artifact transforms cache (C:\Users\Shafiq\.gradle\caches\transforms-1)" [_thread_blocked, id=3656, stack(0x00000000608e0000,0x00000000609e0000)]
  0x0000000059217000 JavaThread "Cache worker for file hash cache (E:\Android_Project_Here\DesignProject2\.gradle\4.4\fileHashes)" [_thread_blocked, id=2148, stack(0x000000005b410000,0x000000005b510000)]
  0x000000005921a800 JavaThread "Stdin handler" [_thread_blocked, id=4780, stack(0x000000005ecf0000,0x000000005edf0000)]
  0x0000000059219000 JavaThread "Asynchronous log dispatcher for DefaultDaemonConnection: socket connection from /127.0.0.1:49442 to /127.0.0.1:53773" [_thread_blocked, id=4848, stack(0x0000000058340000,0x0000000058440000)]
  0x0000000059220000 JavaThread "Daemon worker Thread 21" [_thread_blocked, id=5572, stack(0x000000005a6a0000,0x000000005a7a0000)]
  0x000000005921a000 JavaThread "Cancel handler" [_thread_blocked, id=5896, stack(0x000000005a8b0000,0x000000005a9b0000)]
  0x000000005921b800 JavaThread "Handler for socket connection from /127.0.0.1:49442 to /127.0.0.1:53773" [_thread_in_native, id=5408, stack(0x000000005ab50000,0x000000005ac50000)]
  0x0000000059218800 JavaThread "Daemon Thread 21" [_thread_blocked, id=4304, stack(0x000000005aa10000,0x000000005ab10000)]
  0x000000005921f000 JavaThread "Memory manager" [_thread_blocked, id=1728, stack(0x00000000612a0000,0x00000000613a0000)]
  0x000000005921e800 JavaThread "pool-1-thread-1" [_thread_blocked, id=4160, stack(0x0000000060f90000,0x0000000061090000)]
  0x0000000059b60800 JavaThread "File lock request listener" [_thread_in_native, id=4804, stack(0x000000005b6d0000,0x000000005b7d0000)]
  0x0000000059d79000 JavaThread "Cache worker for file hash cache (C:\Users\Shafiq\.gradle\caches\4.4\fileHashes)" [_thread_blocked, id=4576, stack(0x000000005b510000,0x000000005b610000)]
  0x0000000059a1f800 JavaThread "Daemon periodic checks" [_thread_blocked, id=4792, stack(0x000000005a7a0000,0x000000005a8a0000)]
  0x0000000059a11800 JavaThread "Incoming local TCP Connector on port 49442" [_thread_in_native, id=2596, stack(0x000000005a590000,0x000000005a690000)]
  0x0000000057e54800 JavaThread "Service Thread" daemon [_thread_blocked, id=4396, stack(0x00000000586f0000,0x00000000587f0000)]
  0x0000000057dd1800 JavaThread "C1 CompilerThread2" daemon [_thread_blocked, id=4672, stack(0x0000000058480000,0x0000000058580000)]
=>0x0000000057dd0800 JavaThread "C2 CompilerThread1" daemon [_thread_in_native, id=5104, stack(0x0000000058230000,0x0000000058330000)]
  0x000000005659d800 JavaThread "C2 CompilerThread0" daemon [_thread_in_native, id=4068, stack(0x0000000057cd0000,0x0000000057dd0000)]
  0x00000000565ab000 JavaThread "Attach Listener" daemon [_thread_blocked, id=5016, stack(0x0000000057ae0000,0x0000000057be0000)]
  0x00000000565aa000 JavaThread "Signal Dispatcher" daemon [_thread_blocked, id=3188, stack(0x00000000576a0000,0x00000000577a0000)]
  0x0000000056588000 JavaThread "Finalizer" daemon [_thread_blocked, id=4472, stack(0x0000000057910000,0x0000000057a10000)]
  0x0000000056540800 JavaThread "Reference Handler" daemon [_thread_blocked, id=4888, stack(0x0000000057810000,0x0000000057910000)]
  0x000000000227e000 JavaThread "main" [_thread_blocked, id=5020, stack(0x00000000023f0000,0x00000000024f0000)]

Other Threads:
  0x0000000056539000 VMThread [stack: 0x0000000057540000,0x0000000057640000] [id=4476]
  0x0000000057e12000 WatcherThread [stack: 0x00000000585f0000,0x00000000586f0000] [id=1188]

VM state:not at safepoint (normal execution)

VM Mutex/Monitor currently owned by a thread: None

Heap:
 PSYoungGen      total 192512K, used 105731K [0x00000000e0000000, 0x00000000ed800000, 0x0000000100000000)
  eden space 171008K, 49% used [0x00000000e0000000,0x00000000e5246148,0x00000000ea700000)
  from space 21504K, 99% used [0x00000000ec200000,0x00000000ed6fad88,0x00000000ed700000)
  to   space 25088K, 0% used [0x00000000ea700000,0x00000000ea700000,0x00000000ebf80000)
 ParOldGen       total 118784K, used 90687K [0x00000000a0000000, 0x00000000a7400000, 0x00000000e0000000)
  object space 118784K, 76% used [0x00000000a0000000,0x00000000a588fcc8,0x00000000a7400000)
 Metaspace       used 90282K, capacity 96642K, committed 96896K, reserved 1134592K
  class space    used 11274K, capacity 12385K, committed 12416K, reserved 1048576K

Card table byte_map: [0x0000000011b80000,0x0000000011e90000] byte_map_base: 0x0000000011680000

Marking Bits: (ParMarkBitMap*) 0x0000000064694970
 Begin Bits: [0x00000000128b0000, 0x00000000140b0000)
 End Bits:   [0x00000000140b0000, 0x00000000158b0000)

Polling page: 0x0000000000130000

CodeCache: size=245760Kb used=76548Kb max_used=76806Kb free=169211Kb
 bounds [0x00000000027c0000, 0x0000000007350000, 0x00000000117c0000]
 total_blobs=21523 nmethods=20652 adapters=781
 compilation: enabled

Compilation events (10 events):
Event: 14315.203 Thread 0x0000000057dd1800 nmethod 27829 0x0000000003434750 code [0x0000000003434920, 0x0000000003434f98]
Event: 14315.208 Thread 0x0000000057dd1800 27828       3       kotlin.collections.CollectionsKt___CollectionsKt$asSequence$$inlined$Sequence$1::<init> (10 bytes)
Event: 14315.208 Thread 0x0000000057dd1800 nmethod 27828 0x0000000007236c90 code [0x0000000007236de0, 0x0000000007236fb0]
Event: 14315.213 Thread 0x0000000057dd1800 27830       3       com.android.build.gradle.internal.scope.ExistingBuildElements$OutputTypeTypeAdapter::<init> (5 bytes)
Event: 14315.213 Thread 0x0000000057dd1800 nmethod 27830 0x0000000004c57190 code [0x0000000004c57300, 0x0000000004c57510]
Event: 14315.367 Thread 0x000000005659d800 27831   !   4       sun.reflect.GeneratedMethodAccessor20::invoke (68 bytes)
Event: 14315.369 Thread 0x000000005659d800 nmethod 27831 0x000000000450ead0 code [0x000000000450ec20, 0x000000000450edb8]
Event: 14315.369 Thread 0x000000005659d800 27832   !   4       sun.reflect.GeneratedMethodAccessor36::invoke (76 bytes)
Event: 14315.372 Thread 0x000000005659d800 nmethod 27832 0x0000000004a95d90 code [0x0000000004a95ee0, 0x0000000004a960f8]
Event: 14315.377 Thread 0x000000005659d800 27833       4       org.gradle.api.internal.tasks.DefaultTaskOutputs::getFileProperties (53 bytes)

GC Heap History (10 events):
Event: 14184.946 GC heap before
{Heap before GC invocations=49 (full 3):
 PSYoungGen      total 187392K, used 187246K [0x00000000e0000000, 0x00000000ed780000, 0x0000000100000000)
  eden space 175616K, 100% used [0x00000000e0000000,0x00000000eab80000,0x00000000eab80000)
  from space 11776K, 98% used [0x00000000eb700000,0x00000000ec25baa0,0x00000000ec280000)
  to   space 21504K, 0% used [0x00000000ec280000,0x00000000ec280000,0x00000000ed780000)
 ParOldGen       total 118784K, used 86067K [0x00000000a0000000, 0x00000000a7400000, 0x00000000e0000000)
  object space 118784K, 72% used [0x00000000a0000000,0x00000000a540cc28,0x00000000a7400000)
 Metaspace       used 90184K, capacity 96502K, committed 96640K, reserved 1134592K
  class space    used 11272K, capacity 12385K, committed 12416K, reserved 1048576K
Event: 14184.970 GC heap after
Heap after GC invocations=49 (full 3):
 PSYoungGen      total 185856K, used 15889K [0x00000000e0000000, 0x00000000ed280000, 0x0000000100000000)
  eden space 169472K, 0% used [0x00000000e0000000,0x00000000e0000000,0x00000000ea580000)
  from space 16384K, 96% used [0x00000000ec280000,0x00000000ed2047c8,0x00000000ed280000)
  to   space 22528K, 0% used [0x00000000ea680000,0x00000000ea680000,0x00000000ebc80000)
 ParOldGen       total 118784K, used 86319K [0x00000000a0000000, 0x00000000a7400000, 0x00000000e0000000)
  object space 118784K, 72% used [0x00000000a0000000,0x00000000a544bc48,0x00000000a7400000)
 Metaspace       used 90184K, capacity 96502K, committed 96640K, reserved 1134592K
  class space    used 11272K, capacity 12385K, committed 12416K, reserved 1048576K
}
Event: 14185.859 GC heap before
{Heap before GC invocations=50 (full 3):
 PSYoungGen      total 185856K, used 185361K [0x00000000e0000000, 0x00000000ed280000, 0x0000000100000000)
  eden space 169472K, 100% used [0x00000000e0000000,0x00000000ea580000,0x00000000ea580000)
  from space 16384K, 96% used [0x00000000ec280000,0x00000000ed2047c8,0x00000000ed280000)
  to   space 22528K, 0% used [0x00000000ea680000,0x00000000ea680000,0x00000000ebc80000)
 ParOldGen       total 118784K, used 86319K [0x00000000a0000000, 0x00000000a7400000, 0x00000000e0000000)
  object space 118784K, 72% used [0x00000000a0000000,0x00000000a544bc48,0x00000000a7400000)
 Metaspace       used 90187K, capacity 96502K, committed 96640K, reserved 1134592K
  class space    used 11273K, capacity 12385K, committed 12416K, reserved 1048576K
Event: 14185.887 GC heap after
Heap after GC invocations=50 (full 3):
 PSYoungGen      total 193024K, used 13754K [0x00000000e0000000, 0x00000000edd00000, 0x0000000100000000)
  eden space 170496K, 0% used [0x00000000e0000000,0x00000000e0000000,0x00000000ea680000)
  from space 22528K, 61% used [0x00000000ea680000,0x00000000eb3ee990,0x00000000ebc80000)
  to   space 21504K, 0% used [0x00000000ec800000,0x00000000ec800000,0x00000000edd00000)
 ParOldGen       total 118784K, used 86503K [0x00000000a0000000, 0x00000000a7400000, 0x00000000e0000000)
  object space 118784K, 72% used [0x00000000a0000000,0x00000000a5479c58,0x00000000a7400000)
 Metaspace       used 90187K, capacity 96502K, committed 96640K, reserved 1134592K
  class space    used 11273K, capacity 12385K, committed 12416K, reserved 1048576K
}
Event: 14189.277 GC heap before
{Heap before GC invocations=51 (full 3):
 PSYoungGen      total 193024K, used 184250K [0x00000000e0000000, 0x00000000edd00000, 0x0000000100000000)
  eden space 170496K, 100% used [0x00000000e0000000,0x00000000ea680000,0x00000000ea680000)
  from space 22528K, 61% used [0x00000000ea680000,0x00000000eb3ee990,0x00000000ebc80000)
  to   space 21504K, 0% used [0x00000000ec800000,0x00000000ec800000,0x00000000edd00000)
 ParOldGen       total 118784K, used 86503K [0x00000000a0000000, 0x00000000a7400000, 0x00000000e0000000)
  object space 118784K, 72% used [0x00000000a0000000,0x00000000a5479c58,0x00000000a7400000)
 Metaspace       used 90212K, capacity 96574K, committed 96640K, reserved 1134592K
  class space    used 11274K, capacity 12385K, committed 12416K, reserved 1048576K
Event: 14189.310 GC heap after
Heap after GC invocations=51 (full 3):
 PSYoungGen      total 205312K, used 11630K [0x00000000e0000000, 0x00000000edd00000, 0x0000000100000000)
  eden space 183808K, 0% used [0x00000000e0000000,0x00000000e0000000,0x00000000eb380000)
  from space 21504K, 54% used [0x00000000ec800000,0x00000000ed35baa0,0x00000000edd00000)
  to   space 20992K, 0% used [0x00000000eb380000,0x00000000eb380000,0x00000000ec800000)
 ParOldGen       total 118784K, used 86519K [0x00000000a0000000, 0x00000000a7400000, 0x00000000e0000000)
  object space 118784K, 72% used [0x00000000a0000000,0x00000000a547dc58,0x00000000a7400000)
 Metaspace       used 90212K, capacity 96574K, committed 96640K, reserved 1134592K
  class space    used 11274K, capacity 12385K, committed 12416K, reserved 1048576K
}
Event: 14218.162 GC heap before
{Heap before GC invocations=52 (full 3):
 PSYoungGen      total 205312K, used 195438K [0x00000000e0000000, 0x00000000edd00000, 0x0000000100000000)
  eden space 183808K, 100% used [0x00000000e0000000,0x00000000eb380000,0x00000000eb380000)
  from space 21504K, 54% used [0x00000000ec800000,0x00000000ed35baa0,0x00000000edd00000)
  to   space 20992K, 0% used [0x00000000eb380000,0x00000000eb380000,0x00000000ec800000)
 ParOldGen       total 118784K, used 86519K [0x00000000a0000000, 0x00000000a7400000, 0x00000000e0000000)
  object space 118784K, 72% used [0x00000000a0000000,0x00000000a547dc58,0x00000000a7400000)
 Metaspace       used 90263K, capacity 96578K, committed 96640K, reserved 1134592K
  class space    used 11274K, capacity 12385K, committed 12416K, reserved 1048576K
Event: 14218.174 GC heap after
Heap after GC invocations=52 (full 3):
 PSYoungGen      total 185344K, used 7951K [0x00000000e0000000, 0x00000000ed700000, 0x0000000100000000)
  eden space 177152K, 0% used [0x00000000e0000000,0x00000000e0000000,0x00000000ead00000)
  from space 8192K, 97% used [0x00000000eb380000,0x00000000ebb43fb0,0x00000000ebb80000)
  to   space 21504K, 0% used [0x00000000ec200000,0x00000000ec200000,0x00000000ed700000)
 ParOldGen       total 118784K, used 86583K [0x00000000a0000000, 0x00000000a7400000, 0x00000000e0000000)
  object space 118784K, 72% used [0x00000000a0000000,0x00000000a548dc68,0x00000000a7400000)
 Metaspace       used 90263K, capacity 96578K, committed 96640K, reserved 1134592K
  class space    used 11274K, capacity 12385K, committed 12416K, reserved 1048576K
}
Event: 14313.095 GC heap before
{Heap before GC invocations=53 (full 3):
 PSYoungGen      total 185344K, used 184312K [0x00000000e0000000, 0x00000000ed700000, 0x0000000100000000)
  eden space 177152K, 99% used [0x00000000e0000000,0x00000000eac3a228,0x00000000ead00000)
  from space 8192K, 97% used [0x00000000eb380000,0x00000000ebb43fb0,0x00000000ebb80000)
  to   space 21504K, 0% used [0x00000000ec200000,0x00000000ec200000,0x00000000ed700000)
 ParOldGen       total 118784K, used 86583K [0x00000000a0000000, 0x00000000a7400000, 0x00000000e0000000)
  object space 118784K, 72% used [0x00000000a0000000,0x00000000a548dc68,0x00000000a7400000)
 Metaspace       used 90278K, capacity 96642K, committed 96896K, reserved 1134592K
  class space    used 11274K, capacity 12385K, committed 12416K, reserved 1048576K
Event: 14313.124 GC heap after
Heap after GC invocations=53 (full 3):
 PSYoungGen      total 192512K, used 21483K [0x00000000e0000000, 0x00000000ed800000, 0x0000000100000000)
  eden space 171008K, 0% used [0x00000000e0000000,0x00000000e0000000,0x00000000ea700000)
  from space 21504K, 99% used [0x00000000ec200000,0x00000000ed6fad88,0x00000000ed700000)
  to   space 25088K, 0% used [0x00000000ea700000,0x00000000ea700000,0x00000000ebf80000)
 ParOldGen       total 118784K, used 90687K [0x00000000a0000000, 0x00000000a7400000, 0x00000000e0000000)
  object space 118784K, 76% used [0x00000000a0000000,0x00000000a588fcc8,0x00000000a7400000)
 Metaspace       used 90278K, capacity 96642K, committed 96896K, reserved 1134592K
  class space    used 11274K, capacity 12385K, committed 12416K, reserved 1048576K
}

Deoptimization events (10 events):
Event: 14183.554 Thread 0x000000005fe3a000 Uncommon trap: reason=array_check action=maybe_recompile pc=0x0000000006d00984 method=java.util.ComparableTimSort.reverseRange([Ljava/lang/Object;II)V @ 20
Event: 14183.560 Thread 0x000000005c015000 Uncommon trap: reason=array_check action=maybe_recompile pc=0x0000000006d00984 method=java.util.ComparableTimSort.reverseRange([Ljava/lang/Object;II)V @ 20
Event: 14183.586 Thread 0x000000005fe36000 Uncommon trap: reason=array_check action=maybe_recompile pc=0x0000000006d00984 method=java.util.ComparableTimSort.reverseRange([Ljava/lang/Object;II)V @ 20
Event: 14184.303 Thread 0x000000005d231800 Uncommon trap: reason=unstable_if action=reinterpret pc=0x00000000059649ac method=java.util.concurrent.locks.LockSupport.unpark(Ljava/lang/Thread;)V @ 1
Event: 14184.819 Thread 0x000000005bf52800 Uncommon trap: reason=unstable_if action=reinterpret pc=0x000000000411bfdc method=java.util.concurrent.ConcurrentHashMap.computeIfAbsent(Ljava/lang/Object;Ljava/util/function/Function;)Ljava/lang/Object; @ 456
Event: 14184.893 Thread 0x000000006014f000 Uncommon trap: reason=unstable_if action=reinterpret pc=0x00000000040d2f14 method=java.util.concurrent.ConcurrentHashMap.transfer([Ljava/util/concurrent/ConcurrentHashMap$Node;[Ljava/util/concurrent/ConcurrentHashMap$Node;)V @ 175
Event: 14185.145 Thread 0x0000000060151800 Uncommon trap: reason=null_check action=make_not_entrant pc=0x0000000006b52df0 method=com.android.tools.r8.com.google.common.collect.AbstractMapBasedMultimap.put(Ljava/lang/Object;Ljava/lang/Object;)Z @ 10
Event: 14185.388 Thread 0x0000000060150800 Uncommon trap: reason=null_check action=make_not_entrant pc=0x0000000007240ba0 method=com.android.tools.r8.com.google.common.collect.AbstractMapBasedMultimap.put(Ljava/lang/Object;Ljava/lang/Object;)Z @ 10
Event: 14185.538 Thread 0x000000005bf52800 Uncommon trap: reason=unstable_if action=reinterpret pc=0x00000000072355fc method=java.util.concurrent.ConcurrentHashMap.initTable()[Ljava/util/concurrent/ConcurrentHashMap$Node; @ 41
Event: 14311.863 Thread 0x0000000064f12800 Uncommon trap: reason=unstable_if action=reinterpret pc=0x0000000004c2c208 method=java.util.concurrent.locks.LockSupport.unpark(Ljava/lang/Thread;)V @ 1

Classes redefined (0 events):
No events

Internal exceptions (10 events):
Event: 14187.917 Thread 0x000000005bf52800 Exception <a 'sun/nio/fs/WindowsException'> (0x00000000e5df5430) thrown at [D:\src\AOSP-openjdk-cygwin\jdk8u\hotspot\src\share\vm\prims\jni.cpp, line 709]
Event: 14187.928 Thread 0x000000005b983800 Exception <a 'sun/nio/fs/WindowsException'> (0x00000000e5f396c0) thrown at [D:\src\AOSP-openjdk-cygwin\jdk8u\hotspot\src\share\vm\prims\jni.cpp, line 709]
Event: 14187.955 Thread 0x000000005d86a800 Exception <a 'sun/nio/fs/WindowsException'> (0x00000000e645c430) thrown at [D:\src\AOSP-openjdk-cygwin\jdk8u\hotspot\src\share\vm\prims\jni.cpp, line 709]
Event: 14187.967 Thread 0x000000005c012000 Exception <a 'sun/nio/fs/WindowsException'> (0x00000000e677daf8) thrown at [D:\src\AOSP-openjdk-cygwin\jdk8u\hotspot\src\share\vm\prims\jni.cpp, line 709]
Event: 14187.974 Thread 0x000000005b981800 Exception <a 'sun/nio/fs/WindowsException'> (0x00000000e576a3b8) thrown at [D:\src\AOSP-openjdk-cygwin\jdk8u\hotspot\src\share\vm\prims\jni.cpp, line 709]
Event: 14187.989 Thread 0x0000000058be5000 Exception <a 'sun/nio/fs/WindowsException'> (0x00000000e6a422a8) thrown at [D:\src\AOSP-openjdk-cygwin\jdk8u\hotspot\src\share\vm\prims\jni.cpp, line 709]
Event: 14217.104 Thread 0x000000005921b800 Exception <a 'sun/nio/fs/WindowsException'> (0x00000000e8687dc0) thrown at [D:\src\AOSP-openjdk-cygwin\jdk8u\hotspot\src\share\vm\prims\jni.cpp, line 709]
Event: 14217.107 Thread 0x000000005921b800 Exception <a 'sun/nio/fs/WindowsException'> (0x00000000e868fd90) thrown at [D:\src\AOSP-openjdk-cygwin\jdk8u\hotspot\src\share\vm\prims\jni.cpp, line 709]
Event: 14311.636 Thread 0x0000000059220000 Exception <a 'sun/nio/fs/WindowsException'> (0x00000000e459fe70) thrown at [D:\src\AOSP-openjdk-cygwin\jdk8u\hotspot\src\share\vm\prims\jni.cpp, line 709]
Event: 14311.639 Thread 0x0000000059220000 Exception <a 'sun/nio/fs/WindowsException'> (0x00000000e45ac008) thrown at [D:\src\AOSP-openjdk-cygwin\jdk8u\hotspot\src\share\vm\prims\jni.cpp, line 709]

Events (10 events):
Event: 14315.177 Thread 0x0000000057dd1800 flushing nmethod 0x0000000005121510
Event: 14315.178 Thread 0x0000000057dd1800 flushing nmethod 0x00000000051ce890
Event: 14315.178 Thread 0x0000000057dd1800 flushing nmethod 0x0000000005211390
Event: 14315.178 Thread 0x0000000057dd1800 flushing nmethod 0x000000000525e6d0
Event: 14315.205 Thread 0x0000000057dd1800 flushing nmethod 0x00000000061d0a50
Event: 14315.207 Thread 0x0000000057dd1800 flushing nmethod 0x000000000650ab90
Event: 14315.211 Thread 0x0000000057dd1800 flushing nmethod 0x0000000006ee38d0
Event: 14315.212 Thread 0x0000000057dd1800 flushing nmethod 0x00000000071fcc10
Event: 14315.260 Executing VM operation: RevokeBias
Event: 14315.260 Executing VM operation: RevokeBias done


Dynamic libraries:
0x000000013fce0000 - 0x000000013fd11000 	C:\Program Files\Android\Android Studio\jre\bin\java.exe
0x0000000077510000 - 0x00000000776b9000 	C:\Windows\SYSTEM32\ntdll.dll
0x00000000773f0000 - 0x000000007750f000 	C:\Windows\system32\kernel32.dll
0x000007fefd7c0000 - 0x000007fefd82b000 	C:\Windows\system32\KERNELBASE.dll
0x000007fefed90000 - 0x000007fefee6b000 	C:\Windows\system32\ADVAPI32.dll
0x000007fefd9c0000 - 0x000007fefda5f000 	C:\Windows\system32\msvcrt.dll
0x000007feff800000 - 0x000007feff81f000 	C:\Windows\SYSTEM32\sechost.dll
0x000007feff260000 - 0x000007feff38d000 	C:\Windows\system32\RPCRT4.dll
0x00000000772f0000 - 0x00000000773ea000 	C:\Windows\system32\USER32.dll
0x000007feff620000 - 0x000007feff687000 	C:\Windows\system32\GDI32.dll
0x000007feff390000 - 0x000007feff39e000 	C:\Windows\system32\LPK.dll
0x000007fefecc0000 - 0x000007fefed89000 	C:\Windows\system32\USP10.dll
0x000007fefbc40000 - 0x000007fefbe34000 	C:\Windows\WinSxS\amd64_microsoft.windows.common-controls_6595b64144ccf1df_6.0.7601.17514_none_fa396087175ac9ac\COMCTL32.dll
0x000007feff780000 - 0x000007feff7f1000 	C:\Windows\system32\SHLWAPI.dll
0x000007feff750000 - 0x000007feff77e000 	C:\Windows\system32\IMM32.DLL
0x000007fefee70000 - 0x000007fefef79000 	C:\Windows\system32\MSCTF.dll
0x000007fefd420000 - 0x000007fefd451000 	C:\Windows\system32\nvinitx.dll
0x000007fefd410000 - 0x000007fefd41c000 	C:\Windows\system32\VERSION.dll
0x0000000075020000 - 0x0000000075026000 	C:\Program Files\NVIDIA Corporation\CoProcManager\detoured.dll
0x000007fefa2a0000 - 0x000007fefa2d2000 	C:\Program Files\NVIDIA Corporation\CoProcManager\nvd3d9wrapx.dll
0x000007feff440000 - 0x000007feff617000 	C:\Windows\system32\SETUPAPI.dll
0x000007fefd6c0000 - 0x000007fefd6f6000 	C:\Windows\system32\CFGMGR32.dll
0x000007feff180000 - 0x000007feff257000 	C:\Windows\system32\OLEAUT32.dll
0x000007fefeab0000 - 0x000007fefecb3000 	C:\Windows\system32\ole32.dll
0x000007fefd7a0000 - 0x000007fefd7ba000 	C:\Windows\system32\DEVOBJ.dll
0x000007fefa270000 - 0x000007fefa292000 	C:\Program Files\NVIDIA Corporation\CoProcManager\nvdxgiwrapx.dll
0x000000006dfb0000 - 0x000000006e082000 	C:\Program Files\Android\Android Studio\jre\jre\bin\msvcr100.dll
0x0000000063ed0000 - 0x000000006470f000 	C:\Program Files\Android\Android Studio\jre\jre\bin\server\jvm.dll
0x000007fefadd0000 - 0x000007fefadd9000 	C:\Windows\system32\WSOCK32.dll
0x000007fefd970000 - 0x000007fefd9bd000 	C:\Windows\system32\WS2_32.dll
0x000007fefd960000 - 0x000007fefd968000 	C:\Windows\system32\NSI.dll
0x000007fefb440000 - 0x000007fefb47b000 	C:\Windows\system32\WINMM.dll
0x00000000776e0000 - 0x00000000776e7000 	C:\Windows\system32\PSAPI.DLL
0x000007fef2430000 - 0x000007fef243f000 	C:\Program Files\Android\Android Studio\jre\jre\bin\verify.dll
0x000007fef1c90000 - 0x000007fef1cb9000 	C:\Program Files\Android\Android Studio\jre\jre\bin\java.dll
0x000007fef1c70000 - 0x000007fef1c86000 	C:\Program Files\Android\Android Studio\jre\jre\bin\zip.dll
0x000007fefdcc0000 - 0x000007fefea48000 	C:\Windows\system32\SHELL32.dll
0x000007fefd460000 - 0x000007fefd46f000 	C:\Windows\system32\profapi.dll
0x000007fef1c50000 - 0x000007fef1c6a000 	C:\Program Files\Android\Android Studio\jre\jre\bin\net.dll
0x000007fefcc40000 - 0x000007fefcc95000 	C:\Windows\system32\mswsock.dll
0x000007fefcc30000 - 0x000007fefcc37000 	C:\Windows\System32\wship6.dll
0x000007fef1c30000 - 0x000007fef1c41000 	C:\Program Files\Android\Android Studio\jre\jre\bin\nio.dll
0x000007fef9790000 - 0x000007fef97ae000 	C:\Users\Shafiq\.gradle\native\25\windows-amd64\native-platform.dll
0x000007fef2420000 - 0x000007fef242d000 	C:\Program Files\Android\Android Studio\jre\jre\bin\management.dll
0x000007fefcca0000 - 0x000007fefccb7000 	C:\Windows\system32\CRYPTSP.dll
0x000007fefc9a0000 - 0x000007fefc9e7000 	C:\Windows\system32\rsaenh.dll
0x000007fefc760000 - 0x000007fefc77e000 	C:\Windows\system32\USERENV.dll
0x000007fefd340000 - 0x000007fefd34f000 	C:\Windows\system32\CRYPTBASE.dll
0x000007fefae60000 - 0x000007fefae87000 	C:\Windows\system32\IPHLPAPI.DLL
0x000007fefa760000 - 0x000007fefa76b000 	C:\Windows\system32\WINNSI.DLL
0x000007fef9750000 - 0x000007fef9768000 	C:\Windows\system32\dhcpcsvc.DLL
0x000007fef9730000 - 0x000007fef9741000 	C:\Windows\system32\dhcpcsvc6.DLL
0x000007feee5b0000 - 0x000007feee5d4000 	C:\Program Files\Android\Android Studio\jre\jre\bin\sunec.dll
0x000007fefc620000 - 0x000007fefc627000 	C:\Windows\System32\wshtcpip.dll
0x000007fefcac0000 - 0x000007fefcb1b000 	C:\Windows\system32\DNSAPI.dll
0x000007fef7ba0000 - 0x000007fef7ba8000 	C:\Windows\system32\rasadhlp.dll
0x000007fefa570000 - 0x000007fefa5c3000 	C:\Windows\System32\fwpuclnt.dll
0x000007fef1d80000 - 0x000007fef1d8b000 	C:\Program Files\Android\Android Studio\jre\jre\bin\sunmscapi.dll
0x000007fefd550000 - 0x000007fefd6b7000 	C:\Windows\system32\CRYPT32.dll
0x000007fefd500000 - 0x000007fefd50f000 	C:\Windows\system32\MSASN1.dll
0x000007fefd2a0000 - 0x000007fefd2f7000 	C:\Windows\system32\apphelp.dll
0x000007feedf20000 - 0x000007feee045000 	C:\Windows\system32\dbghelp.dll

VM Arguments:
jvm_args: -Xmx1536m -Dfile.encoding=windows-1252 -Duser.country=US -Duser.language=en -Duser.variant 
java_command: org.gradle.launcher.daemon.bootstrap.GradleDaemon 4.4
java_class_path (initial): C:\Users\Shafiq\.gradle\wrapper\dists\gradle-4.4-all\9br9xq1tocpiv8o6njlyu5op1\gradle-4.4\lib\gradle-launcher-4.4.jar
Launcher Type: SUN_STANDARD

Environment Variables:
PATH=C:\Program Files (x86)\Common Files\Oracle\Java\javapath;C:\ProgramData\Oracle\Java\javapath;C:\Program Files (x86)\Common Files\ArcSoft\Bin;C:\Windows\system32;C:\Windows;C:\Windows\System32\Wbem;C:\Windows\System32\WindowsPowerShell\v1.0\
USERNAME=Shafiq
OS=Windows_NT
PROCESSOR_IDENTIFIER=Intel64 Family 6 Model 61 Stepping 4, GenuineIntel



---------------  S Y S T E M  ---------------

OS: Windows 7 , 64 bit Build 7601 (6.1.7601.17514)

CPU:total 4 (initial active 4) (2 cores per cpu, 2 threads per core) family 6 model 61 stepping 4, cmov, cx8, fxsr, mmx, sse, sse2, sse3, ssse3, sse4.1, sse4.2, popcnt, avx, avx2, aes, clmul, erms, 3dnowpref, lzcnt, ht, tsc, tscinvbit, bmi1, bmi2, adx

Memory: 4k page, physical 8297976k(2395016k free), swap 16594108k(9420232k free)

vm_info: OpenJDK 64-Bit Server VM (25.152-b02) for windows-amd64 JRE (1.8.0_152-release-1024-b02), built by "builder" with MS VC++ 10.0 (VS2010)

time: Wed Sep 26 15:40:22 2018
elapsed time: 14315 seconds (0d 3h 58m 35s)

