#
# A fatal error has been detected by the Java Runtime Environment:
#
#  EXCEPTION_ACCESS_VIOLATION (0xc0000005) at pc=0x000000006756d3b0, pid=3508, tid=0x0000000000001380
#
# JRE version: OpenJDK Runtime Environment (8.0_152-b02) (build 1.8.0_152-release-1024-b02)
# Java VM: OpenJDK 64-Bit Server VM (25.152-b02 mixed mode windows-amd64 compressed oops)
# Problematic frame:
# V  [jvm.dll+0x46d3b0]
#
# Failed to write core dump. Minidumps are not enabled by default on client versions of Windows
#
# If you would like to submit a bug report, please visit:
#   http://bugreport.java.com/bugreport/crash.jsp
#

---------------  T H R E A D  ---------------

Current thread (0x0000000057bc0800):  JavaThread "C2 CompilerThread1" daemon [_thread_in_native, id=4992, stack(0x00000000573d0000,0x00000000574d0000)]

siginfo: ExceptionCode=0xc0000005, writing address 0x0000000000000000

Registers:
RAX=0x0000000000000000, RBX=0x00000000679fdfb0, RCX=0x00000000574cbc90, RDX=0x0000000000155500
RSP=0x00000000574cbbf8, RBP=0x0000000000000a88, RSI=0x00000000574cbfb0, RDI=0x00000000000012ff
R8 =0x0000000000000100, R9 =0x0000000062f76c80, R10=0x0000000067100000, R11=0x0000000067ae7d90
R12=0x00000000678c5090, R13=0x0000000064d59bd0, R14=0x00000000000f5e70, R15=0x0000000067100000
RIP=0x000000006756d3b0, EFLAGS=0x0000000000010246

Top of Stack: (sp=0x00000000574cbbf8)
0x00000000574cbbf8:   00000000675360ff 00000000574cbfd0
0x00000000574cbc08:   00000000679f3a10 0000000000000a88
0x00000000574cbc18:   00000000574cbfb0 00002a6500000000
0x00000000574cbc28:   0000000000000008 0000000062f81560
0x00000000574cbc38:   0000000000000036 000000005d27c070
0x00000000574cbc48:   0000000000000036 0000000067a9f4f0
0x00000000574cbc58:   0000350f00000000 0000000000000008
0x00000000574cbc68:   0000000063e532c0 0000000000000036
0x00000000574cbc78:   0000000063e1d040 0000000000000036
0x00000000574cbc88:   00000000679a9550 0000130400000000
0x00000000574cbc98:   0000000000000008 000000005bc74b60
0x00000000574cbca8:   0000000000000013 0000000063e304e0
0x00000000574cbcb8:   0000000000000036 00000000574cbfd0
0x00000000574cbcc8:   0000000000000036 0000000062ebf5a8
0x00000000574cbcd8:   00000000574cbfb0 0000000000000a88
0x00000000574cbce8:   0000000067a9f4f0 0000000000002321 

Instructions: (pc=0x000000006756d3b0)
0x000000006756d390:   bb 90 00 00 00 72 e9 48 8b 5c 24 40 48 83 c4 20
0x000000006756d3a0:   5f c3 cc cc cc cc cc cc cc cc cc cc cc cc cc cc
0x000000006756d3b0:   40 57 48 83 ec 20 48 63 51 08 48 8b f9 83 fa 08
0x000000006756d3c0:   73 22 48 8b 41 10 48 8d 0c 90 66 0f 1f 44 00 00 


Register to memory mapping:

RAX=0x0000000000000000 is an unknown value
RBX=0x00000000679fdfb0 is an unknown value
RCX=0x00000000574cbc90 is pointing into the stack for thread: 0x0000000057bc0800
RDX=0x0000000000155500 is an unknown value
RSP=0x00000000574cbbf8 is pointing into the stack for thread: 0x0000000057bc0800
RBP=0x0000000000000a88 is an unknown value
RSI=0x00000000574cbfb0 is pointing into the stack for thread: 0x0000000057bc0800
RDI=0x00000000000012ff is an unknown value
R8 =0x0000000000000100 is an unknown value
R9 =0x0000000062f76c80 is an unknown value
R10=0x0000000067100000 is an unknown value
R11=0x0000000067ae7d90 is an unknown value
R12=0x00000000678c5090 is an unknown value
R13=0x0000000064d59bd0 is an unknown value
R14=0x00000000000f5e70 is an unknown value
R15=0x0000000067100000 is an unknown value


Stack: [0x00000000573d0000,0x00000000574d0000],  sp=0x00000000574cbbf8,  free space=1006k
Native frames: (J=compiled Java code, j=interpreted, Vv=VM code, C=native code)
V  [jvm.dll+0x46d3b0]
V  [jvm.dll+0x4360ff]
V  [jvm.dll+0x437bc8]
V  [jvm.dll+0x437db6]
V  [jvm.dll+0x435944]
V  [jvm.dll+0x434caf]
V  [jvm.dll+0x43f76b]
V  [jvm.dll+0x44203e]
V  [jvm.dll+0x4250b2]
V  [jvm.dll+0x814c8]
V  [jvm.dll+0x81dff]
V  [jvm.dll+0x21d2df]
V  [jvm.dll+0x26d7ea]
C  [msvcr100.dll+0x21d9f]
C  [msvcr100.dll+0x21e3b]
C  [kernel32.dll+0x1652d]
C  [ntdll.dll+0x2c521]


Current CompileTask:
C2:3879953 22285 %     4       com.android.tools.r8.org.objectweb.asm.ClassReader::readCode @ 1446 (3575 bytes)


---------------  P R O C E S S  ---------------

Java Threads: ( => current thread )
  0x000000005b74d000 JavaThread "ForkJoinPool.commonPool-worker-0" daemon [_thread_blocked, id=2520, stack(0x0000000066fb0000,0x00000000670b0000)]
  0x000000005f137000 JavaThread "ForkJoinPool.commonPool-worker-3" daemon [_thread_blocked, id=2724, stack(0x0000000066bf0000,0x0000000066cf0000)]
  0x00000000599fe800 JavaThread "ForkJoinPool.commonPool-worker-2" daemon [_thread_blocked, id=3468, stack(0x0000000061ee0000,0x0000000061fe0000)]
  0x000000005e38d800 JavaThread "Cache worker for Build Output Cleanup Cache (E:\Android_Project_Here\DesignProject2\.gradle\buildOutputCleanup)" [_thread_blocked, id=4104, stack(0x0000000064a00000,0x0000000064b00000)]
  0x000000005e38f000 JavaThread "build operations Thread 4" [_thread_blocked, id=4224, stack(0x000000005b0b0000,0x000000005b1b0000)]
  0x000000005e392000 JavaThread "build operations Thread 3" [_thread_blocked, id=4716, stack(0x0000000060130000,0x0000000060230000)]
  0x000000005e38d000 JavaThread "build operations Thread 2" [_thread_blocked, id=2228, stack(0x0000000060bc0000,0x0000000060cc0000)]
  0x0000000058e6b800 JavaThread "build operations" [_thread_blocked, id=1716, stack(0x000000005ae90000,0x000000005af90000)]
  0x0000000058e68800 JavaThread "Cache worker for Artifact transforms cache (C:\Users\Shafiq\.gradle\caches\transforms-1)" [_thread_blocked, id=2840, stack(0x000000005a160000,0x000000005a260000)]
  0x000000005b6ae800 JavaThread "Cache worker for file hash cache (E:\Android_Project_Here\DesignProject2\.gradle\4.4\fileHashes)" [_thread_blocked, id=3336, stack(0x000000005ab90000,0x000000005ac90000)]
  0x000000005b6ad800 JavaThread "Stdin handler" [_thread_blocked, id=4164, stack(0x000000005e890000,0x000000005e990000)]
  0x000000005b6b0000 JavaThread "Asynchronous log dispatcher for DefaultDaemonConnection: socket connection from /127.0.0.1:49428 to /127.0.0.1:51476" [_thread_blocked, id=4820, stack(0x000000005b350000,0x000000005b450000)]
  0x000000005b6b2000 JavaThread "Daemon worker Thread 14" [_thread_in_native, id=4492, stack(0x000000005aa90000,0x000000005ab90000)]
  0x000000005b6b0800 JavaThread "Cancel handler" [_thread_blocked, id=4576, stack(0x000000005a8e0000,0x000000005a9e0000)]
  0x000000005b6ac000 JavaThread "Handler for socket connection from /127.0.0.1:49428 to /127.0.0.1:51476" [_thread_in_native, id=2244, stack(0x000000005a4b0000,0x000000005a5b0000)]
  0x000000005b6af000 JavaThread "Daemon Thread 14" [_thread_blocked, id=3440, stack(0x000000005a7e0000,0x000000005a8e0000)]
  0x000000005f136000 JavaThread "Memory manager" [_thread_blocked, id=116, stack(0x00000000611e0000,0x00000000612e0000)]
  0x000000005f135800 JavaThread "pool-1-thread-1" [_thread_blocked, id=2908, stack(0x0000000060aa0000,0x0000000060ba0000)]
  0x0000000059828800 JavaThread "File lock request listener" [_thread_in_native, id=4616, stack(0x000000005b1b0000,0x000000005b2b0000)]
  0x00000000597f5000 JavaThread "Cache worker for file hash cache (C:\Users\Shafiq\.gradle\caches\4.4\fileHashes)" [_thread_blocked, id=4288, stack(0x000000005afa0000,0x000000005b0a0000)]
  0x0000000059594000 JavaThread "Daemon periodic checks" [_thread_blocked, id=4232, stack(0x000000005a2e0000,0x000000005a3e0000)]
  0x0000000059582000 JavaThread "Incoming local TCP Connector on port 49428" [_thread_in_native, id=4972, stack(0x000000005a010000,0x000000005a110000)]
  0x0000000057c3f000 JavaThread "Service Thread" daemon [_thread_blocked, id=1420, stack(0x00000000582e0000,0x00000000583e0000)]
  0x0000000057bc5800 JavaThread "C1 CompilerThread2" daemon [_thread_blocked, id=3360, stack(0x0000000058130000,0x0000000058230000)]
=>0x0000000057bc0800 JavaThread "C2 CompilerThread1" daemon [_thread_in_native, id=4992, stack(0x00000000573d0000,0x00000000574d0000)]
  0x000000005629d800 JavaThread "C2 CompilerThread0" daemon [_thread_blocked, id=1548, stack(0x0000000057630000,0x0000000057730000)]
  0x00000000562ab000 JavaThread "Attach Listener" daemon [_thread_blocked, id=4244, stack(0x0000000057ac0000,0x0000000057bc0000)]
  0x00000000562aa000 JavaThread "Signal Dispatcher" daemon [_thread_blocked, id=4220, stack(0x0000000057890000,0x0000000057990000)]
  0x0000000056288000 JavaThread "Finalizer" daemon [_thread_blocked, id=536, stack(0x0000000057730000,0x0000000057830000)]
  0x0000000056240800 JavaThread "Reference Handler" daemon [_thread_blocked, id=364, stack(0x00000000574d0000,0x00000000575d0000)]
  0x000000000211e000 JavaThread "main" [_thread_blocked, id=2504, stack(0x0000000002410000,0x0000000002510000)]

Other Threads:
  0x0000000056239000 VMThread [stack: 0x00000000572a0000,0x00000000573a0000] [id=4252]
  0x0000000057c0c000 WatcherThread [stack: 0x0000000058000000,0x0000000058100000] [id=3476]

VM state:not at safepoint (normal execution)

VM Mutex/Monitor currently owned by a thread: None

Heap:
 PSYoungGen      total 343040K, used 76573K [0x00000000e0000000, 0x00000000f9880000, 0x0000000100000000)
  eden space 332800K, 20% used [0x00000000e0000000,0x00000000e412c438,0x00000000f4500000)
  from space 10240K, 96% used [0x00000000f8e80000,0x00000000f981b300,0x00000000f9880000)
  to   space 25088K, 0% used [0x00000000f6780000,0x00000000f6780000,0x00000000f8000000)
 ParOldGen       total 106496K, used 64259K [0x00000000a0000000, 0x00000000a6800000, 0x00000000e0000000)
  object space 106496K, 60% used [0x00000000a0000000,0x00000000a3ec0ea8,0x00000000a6800000)
 Metaspace       used 86547K, capacity 91738K, committed 91864K, reserved 1128448K
  class space    used 11011K, capacity 11933K, committed 12032K, reserved 1048576K

Card table byte_map: [0x0000000011ba0000,0x0000000011eb0000] byte_map_base: 0x00000000116a0000

Marking Bits: (ParMarkBitMap*) 0x00000000678c4970
 Begin Bits: [0x00000000125b0000, 0x0000000013db0000)
 End Bits:   [0x0000000013db0000, 0x00000000155b0000)

Polling page: 0x0000000000230000

CodeCache: size=245760Kb used=60503Kb max_used=60524Kb free=185256Kb
 bounds [0x00000000027e0000, 0x0000000006360000, 0x00000000117e0000]
 total_blobs=18041 nmethods=17171 adapters=781
 compilation: enabled

Compilation events (10 events):
Event: 3878.636 Thread 0x0000000057bc5800 22403       3       com.android.ide.common.xml.XmlPrettyPrinter::isSingleLineTag (59 bytes)
Event: 3878.637 Thread 0x0000000057bc5800 nmethod 22403 0x000000000388d350 code [0x000000000388d500, 0x000000000388db48]
Event: 3878.647 Thread 0x0000000057bc5800 22404       3       java.lang.InterruptedException::<init> (5 bytes)
Event: 3878.648 Thread 0x0000000057bc5800 nmethod 22404 0x00000000031d8490 code [0x00000000031d8620, 0x00000000031d8988]
Event: 3878.649 Thread 0x000000005629d800 22405       4       org.gradle.model.internal.registry.RuleBindings$PredicateMatches::match (47 bytes)
Event: 3878.655 Thread 0x000000005629d800 nmethod 22405 0x0000000002f72c10 code [0x0000000002f72d80, 0x0000000002f73008]
Event: 3878.655 Thread 0x000000005629d800 22406       4       org.gradle.model.internal.registry.DefaultModelRegistry$TryBindInputs::maybeBind (71 bytes)
Event: 3878.659 Thread 0x000000005629d800 nmethod 22406 0x0000000005e7c950 code [0x0000000005e7cac0, 0x0000000005e7cc88]
Event: 3878.822 Thread 0x0000000057bc5800 22407       3       org.apache.commons.collections.map.AbstractHashedMap::clear (40 bytes)
Event: 3878.823 Thread 0x0000000057bc5800 nmethod 22407 0x0000000002f74290 code [0x0000000002f74400, 0x0000000002f74750]

GC Heap History (10 events):
Event: 3171.017 GC heap before
{Heap before GC invocations=19 (full 3):
 PSYoungGen      total 428032K, used 427918K [0x00000000e0000000, 0x00000000fe080000, 0x0000000100000000)
  eden space 414720K, 100% used [0x00000000e0000000,0x00000000f9500000,0x00000000f9500000)
  from space 13312K, 99% used [0x00000000fa980000,0x00000000fb663968,0x00000000fb680000)
  to   space 30208K, 0% used [0x00000000fc300000,0x00000000fc300000,0x00000000fe080000)
 ParOldGen       total 106496K, used 64219K [0x00000000a0000000, 0x00000000a6800000, 0x00000000e0000000)
  object space 106496K, 60% used [0x00000000a0000000,0x00000000a3eb6ea8,0x00000000a6800000)
 Metaspace       used 85929K, capacity 91146K, committed 91352K, reserved 1128448K
  class space    used 11007K, capacity 11933K, committed 12032K, reserved 1048576K
Event: 3171.063 GC heap after
Heap after GC invocations=19 (full 3):
 PSYoungGen      total 406016K, used 8915K [0x00000000e0000000, 0x00000000fcc00000, 0x0000000100000000)
  eden space 396800K, 0% used [0x00000000e0000000,0x00000000e0000000,0x00000000f8380000)
  from space 9216K, 96% used [0x00000000fc300000,0x00000000fcbb4f48,0x00000000fcc00000)
  to   space 29696K, 0% used [0x00000000f9200000,0x00000000f9200000,0x00000000faf00000)
 ParOldGen       total 106496K, used 64227K [0x00000000a0000000, 0x00000000a6800000, 0x00000000e0000000)
  object space 106496K, 60% used [0x00000000a0000000,0x00000000a3eb8ea8,0x00000000a6800000)
 Metaspace       used 85929K, capacity 91146K, committed 91352K, reserved 1128448K
  class space    used 11007K, capacity 11933K, committed 12032K, reserved 1048576K
}
Event: 3391.666 GC heap before
{Heap before GC invocations=20 (full 3):
 PSYoungGen      total 406016K, used 405715K [0x00000000e0000000, 0x00000000fcc00000, 0x0000000100000000)
  eden space 396800K, 100% used [0x00000000e0000000,0x00000000f8380000,0x00000000f8380000)
  from space 9216K, 96% used [0x00000000fc300000,0x00000000fcbb4f48,0x00000000fcc00000)
  to   space 29696K, 0% used [0x00000000f9200000,0x00000000f9200000,0x00000000faf00000)
 ParOldGen       total 106496K, used 64227K [0x00000000a0000000, 0x00000000a6800000, 0x00000000e0000000)
  object space 106496K, 60% used [0x00000000a0000000,0x00000000a3eb8ea8,0x00000000a6800000)
 Metaspace       used 86134K, capacity 91346K, committed 91608K, reserved 1128448K
  class space    used 11007K, capacity 11933K, committed 12032K, reserved 1048576K
Event: 3391.679 GC heap after
Heap after GC invocations=20 (full 3):
 PSYoungGen      total 387584K, used 7815K [0x00000000e0000000, 0x00000000fc380000, 0x0000000100000000)
  eden space 379392K, 0% used [0x00000000e0000000,0x00000000e0000000,0x00000000f7280000)
  from space 8192K, 95% used [0x00000000f9200000,0x00000000f99a1e00,0x00000000f9a00000)
  to   space 28672K, 0% used [0x00000000fa780000,0x00000000fa780000,0x00000000fc380000)
 ParOldGen       total 106496K, used 64235K [0x00000000a0000000, 0x00000000a6800000, 0x00000000e0000000)
  object space 106496K, 60% used [0x00000000a0000000,0x00000000a3ebaea8,0x00000000a6800000)
 Metaspace       used 86134K, capacity 91346K, committed 91608K, reserved 1128448K
  class space    used 11007K, capacity 11933K, committed 12032K, reserved 1048576K
}
Event: 3464.799 GC heap before
{Heap before GC invocations=21 (full 3):
 PSYoungGen      total 387584K, used 387207K [0x00000000e0000000, 0x00000000fc380000, 0x0000000100000000)
  eden space 379392K, 100% used [0x00000000e0000000,0x00000000f7280000,0x00000000f7280000)
  from space 8192K, 95% used [0x00000000f9200000,0x00000000f99a1e00,0x00000000f9a00000)
  to   space 28672K, 0% used [0x00000000fa780000,0x00000000fa780000,0x00000000fc380000)
 ParOldGen       total 106496K, used 64235K [0x00000000a0000000, 0x00000000a6800000, 0x00000000e0000000)
  object space 106496K, 60% used [0x00000000a0000000,0x00000000a3ebaea8,0x00000000a6800000)
 Metaspace       used 86231K, capacity 91350K, committed 91608K, reserved 1128448K
  class space    used 11007K, capacity 11933K, committed 12032K, reserved 1048576K
Event: 3464.818 GC heap after
Heap after GC invocations=21 (full 3):
 PSYoungGen      total 375808K, used 12787K [0x00000000e0000000, 0x00000000fb400000, 0x0000000100000000)
  eden space 363008K, 0% used [0x00000000e0000000,0x00000000e0000000,0x00000000f6280000)
  from space 12800K, 99% used [0x00000000fa780000,0x00000000fb3fcf18,0x00000000fb400000)
  to   space 27136K, 0% used [0x00000000f7f00000,0x00000000f7f00000,0x00000000f9980000)
 ParOldGen       total 106496K, used 64243K [0x00000000a0000000, 0x00000000a6800000, 0x00000000e0000000)
  object space 106496K, 60% used [0x00000000a0000000,0x00000000a3ebcea8,0x00000000a6800000)
 Metaspace       used 86231K, capacity 91350K, committed 91608K, reserved 1128448K
  class space    used 11007K, capacity 11933K, committed 12032K, reserved 1048576K
}
Event: 3557.811 GC heap before
{Heap before GC invocations=22 (full 3):
 PSYoungGen      total 375808K, used 375790K [0x00000000e0000000, 0x00000000fb400000, 0x0000000100000000)
  eden space 363008K, 99% used [0x00000000e0000000,0x00000000f627e9a0,0x00000000f6280000)
  from space 12800K, 99% used [0x00000000fa780000,0x00000000fb3fcf18,0x00000000fb400000)
  to   space 27136K, 0% used [0x00000000f7f00000,0x00000000f7f00000,0x00000000f9980000)
 ParOldGen       total 106496K, used 64243K [0x00000000a0000000, 0x00000000a6800000, 0x00000000e0000000)
  object space 106496K, 60% used [0x00000000a0000000,0x00000000a3ebcea8,0x00000000a6800000)
 Metaspace       used 86336K, capacity 91542K, committed 91864K, reserved 1128448K
  class space    used 11007K, capacity 11933K, committed 12032K, reserved 1048576K
Event: 3557.832 GC heap after
Heap after GC invocations=22 (full 3):
 PSYoungGen      total 357888K, used 10024K [0x00000000e0000000, 0x00000000fa800000, 0x0000000100000000)
  eden space 347648K, 0% used [0x00000000e0000000,0x00000000e0000000,0x00000000f5380000)
  from space 10240K, 97% used [0x00000000f7f00000,0x00000000f88ca2f8,0x00000000f8900000)
  to   space 26112K, 0% used [0x00000000f8e80000,0x00000000f8e80000,0x00000000fa800000)
 ParOldGen       total 106496K, used 64251K [0x00000000a0000000, 0x00000000a6800000, 0x00000000e0000000)
  object space 106496K, 60% used [0x00000000a0000000,0x00000000a3ebeea8,0x00000000a6800000)
 Metaspace       used 86336K, capacity 91542K, committed 91864K, reserved 1128448K
  class space    used 11007K, capacity 11933K, committed 12032K, reserved 1048576K
}
Event: 3878.090 GC heap before
{Heap before GC invocations=23 (full 3):
 PSYoungGen      total 357888K, used 357672K [0x00000000e0000000, 0x00000000fa800000, 0x0000000100000000)
  eden space 347648K, 100% used [0x00000000e0000000,0x00000000f5380000,0x00000000f5380000)
  from space 10240K, 97% used [0x00000000f7f00000,0x00000000f88ca2f8,0x00000000f8900000)
  to   space 26112K, 0% used [0x00000000f8e80000,0x00000000f8e80000,0x00000000fa800000)
 ParOldGen       total 106496K, used 64251K [0x00000000a0000000, 0x00000000a6800000, 0x00000000e0000000)
  object space 106496K, 60% used [0x00000000a0000000,0x00000000a3ebeea8,0x00000000a6800000)
 Metaspace       used 86523K, capacity 91738K, committed 91864K, reserved 1128448K
  class space    used 11011K, capacity 11933K, committed 12032K, reserved 1048576K
Event: 3878.123 GC heap after
Heap after GC invocations=23 (full 3):
 PSYoungGen      total 343040K, used 9836K [0x00000000e0000000, 0x00000000f9880000, 0x0000000100000000)
  eden space 332800K, 0% used [0x00000000e0000000,0x00000000e0000000,0x00000000f4500000)
  from space 10240K, 96% used [0x00000000f8e80000,0x00000000f981b300,0x00000000f9880000)
  to   space 25088K, 0% used [0x00000000f6780000,0x00000000f6780000,0x00000000f8000000)
 ParOldGen       total 106496K, used 64259K [0x00000000a0000000, 0x00000000a6800000, 0x00000000e0000000)
  object space 106496K, 60% used [0x00000000a0000000,0x00000000a3ec0ea8,0x00000000a6800000)
 Metaspace       used 86523K, capacity 91738K, committed 91864K, reserved 1128448K
  class space    used 11011K, capacity 11933K, committed 12032K, reserved 1048576K
}

Deoptimization events (10 events):
Event: 3875.774 Thread 0x000000005b6b2000 Uncommon trap: reason=class_check action=maybe_recompile pc=0x00000000029b4cc4 method=java.io.PrintWriter.write(Ljava/lang/String;II)V @ 19
Event: 3875.774 Thread 0x000000005b6b2000 Uncommon trap: reason=class_check action=maybe_recompile pc=0x00000000029b4cc4 method=java.io.PrintWriter.write(Ljava/lang/String;II)V @ 19
Event: 3875.774 Thread 0x000000005b6b2000 Uncommon trap: reason=class_check action=maybe_recompile pc=0x00000000029b4cc4 method=java.io.PrintWriter.write(Ljava/lang/String;II)V @ 19
Event: 3875.774 Thread 0x000000005b6b2000 Uncommon trap: reason=class_check action=maybe_recompile pc=0x0000000003cebf64 method=java.io.PrintWriter.write(Ljava/lang/String;II)V @ 19
Event: 3877.256 Thread 0x000000005e392000 Uncommon trap: reason=unstable_if action=reinterpret pc=0x000000000363d5d8 method=java.util.concurrent.locks.AbstractQueuedSynchronizer.enq(Ljava/util/concurrent/locks/AbstractQueuedSynchronizer$Node;)Ljava/util/concurrent/locks/AbstractQueuedSynchronizer
Event: 3878.029 Thread 0x000000005b74e000 Uncommon trap: reason=array_check action=maybe_recompile pc=0x00000000058e7d98 method=java.util.TimSort.mergeHi(IIII)V @ 282
Event: 3878.029 Thread 0x000000005b74e000 Uncommon trap: reason=array_check action=maybe_recompile pc=0x00000000058ed494 method=java.util.TimSort.mergeLo(IIII)V @ 212
Event: 3878.030 Thread 0x000000005b74e000 Uncommon trap: reason=array_check action=maybe_recompile pc=0x00000000058e82d8 method=java.util.TimSort.mergeHi(IIII)V @ 171
Event: 3878.030 Thread 0x000000005b74e000 Uncommon trap: reason=array_check action=maybe_recompile pc=0x00000000058ed494 method=java.util.TimSort.mergeLo(IIII)V @ 212
Event: 3878.613 Thread 0x0000000063810800 Uncommon trap: reason=null_check action=make_not_entrant pc=0x00000000062da4d4 method=com.google.gson.internal.Excluder.isAnonymousOrLocal(Ljava/lang/Class;)Z @ 3

Classes redefined (0 events):
No events

Internal exceptions (10 events):
Event: 3765.568 Thread 0x000000005f135800 Exception <a 'sun/nio/fs/WindowsException'> (0x00000000e2413678) thrown at [D:\src\AOSP-openjdk-cygwin\jdk8u\hotspot\src\share\vm\prims\jni.cpp, line 709]
Event: 3850.975 Thread 0x000000005f135800 Exception <a 'sun/nio/fs/WindowsException'> (0x00000000e2735118) thrown at [D:\src\AOSP-openjdk-cygwin\jdk8u\hotspot\src\share\vm\prims\jni.cpp, line 709]
Event: 3871.173 Thread 0x000000005b6b2000 Exception <a 'sun/nio/fs/WindowsException'> (0x00000000e3224038) thrown at [D:\src\AOSP-openjdk-cygwin\jdk8u\hotspot\src\share\vm\prims\jni.cpp, line 709]
Event: 3871.174 Thread 0x000000005b6b2000 Exception <a 'sun/nio/fs/WindowsException'> (0x00000000e32301d0) thrown at [D:\src\AOSP-openjdk-cygwin\jdk8u\hotspot\src\share\vm\prims\jni.cpp, line 709]
Event: 3877.691 Thread 0x000000005f137000 Exception <a 'sun/nio/fs/WindowsException'> (0x00000000f340a5e8) thrown at [D:\src\AOSP-openjdk-cygwin\jdk8u\hotspot\src\share\vm\prims\jni.cpp, line 709]
Event: 3877.694 Thread 0x00000000599fe800 Exception <a 'sun/nio/fs/WindowsException'> (0x00000000f34433f8) thrown at [D:\src\AOSP-openjdk-cygwin\jdk8u\hotspot\src\share\vm\prims\jni.cpp, line 709]
Event: 3877.724 Thread 0x000000005b74f000 Exception <a 'sun/nio/fs/WindowsException'> (0x00000000f34c71e8) thrown at [D:\src\AOSP-openjdk-cygwin\jdk8u\hotspot\src\share\vm\prims\jni.cpp, line 709]
Event: 3877.744 Thread 0x000000005b750800 Exception <a 'sun/nio/fs/WindowsException'> (0x00000000f3b2fc28) thrown at [D:\src\AOSP-openjdk-cygwin\jdk8u\hotspot\src\share\vm\prims\jni.cpp, line 709]
Event: 3877.947 Thread 0x000000005f137000 Exception <a 'sun/nio/fs/WindowsException'> (0x00000000f42e7150) thrown at [D:\src\AOSP-openjdk-cygwin\jdk8u\hotspot\src\share\vm\prims\jni.cpp, line 709]
Event: 3878.044 Thread 0x000000005b74e000 Exception <a 'sun/nio/fs/WindowsException'> (0x00000000f50472a8) thrown at [D:\src\AOSP-openjdk-cygwin\jdk8u\hotspot\src\share\vm\prims\jni.cpp, line 709]

Events (10 events):
Event: 3878.613 Thread 0x0000000063810800 DEOPT PACKING pc=0x00000000062da4d4 sp=0x00000000607bcda0
Event: 3878.613 Thread 0x0000000063810800 DEOPT UNPACKING pc=0x000000000282557b sp=0x00000000607bcce0 mode 2
Event: 3878.647 Thread 0x0000000063812000 Thread exited: 0x0000000063812000
Event: 3878.648 Thread 0x0000000063810800 Thread exited: 0x0000000063810800
Event: 3878.648 Thread 0x0000000063814800 Thread exited: 0x0000000063814800
Event: 3878.661 Thread 0x000000005e390000 Thread exited: 0x000000005e390000
Event: 3878.662 Executing VM operation: RevokeBias
Event: 3878.662 Executing VM operation: RevokeBias done
Event: 3878.663 Thread 0x00000000599fd000 Thread exited: 0x00000000599fd000
Event: 3878.748 Thread 0x000000005f891000 Thread exited: 0x000000005f891000


Dynamic libraries:
0x000000013f2b0000 - 0x000000013f2e1000 	C:\Program Files\Android\Android Studio\jre\bin\java.exe
0x0000000077400000 - 0x00000000775a9000 	C:\Windows\SYSTEM32\ntdll.dll
0x00000000772e0000 - 0x00000000773ff000 	C:\Windows\system32\kernel32.dll
0x000007fefd460000 - 0x000007fefd4cb000 	C:\Windows\system32\KERNELBASE.dll
0x000007feff230000 - 0x000007feff30b000 	C:\Windows\system32\ADVAPI32.dll
0x000007fefdb00000 - 0x000007fefdb9f000 	C:\Windows\system32\msvcrt.dll
0x000007fefed10000 - 0x000007fefed2f000 	C:\Windows\SYSTEM32\sechost.dll
0x000007fefdd50000 - 0x000007fefde7d000 	C:\Windows\system32\RPCRT4.dll
0x00000000771e0000 - 0x00000000772da000 	C:\Windows\system32\USER32.dll
0x000007fefefb0000 - 0x000007feff017000 	C:\Windows\system32\GDI32.dll
0x000007fefde80000 - 0x000007fefde8e000 	C:\Windows\system32\LPK.dll
0x000007fefdba0000 - 0x000007fefdc69000 	C:\Windows\system32\USP10.dll
0x000007fefbb30000 - 0x000007fefbd24000 	C:\Windows\WinSxS\amd64_microsoft.windows.common-controls_6595b64144ccf1df_6.0.7601.17514_none_fa396087175ac9ac\COMCTL32.dll
0x000007feff310000 - 0x000007feff381000 	C:\Windows\system32\SHLWAPI.dll
0x000007fefdc70000 - 0x000007fefdc9e000 	C:\Windows\system32\IMM32.DLL
0x000007feff430000 - 0x000007feff539000 	C:\Windows\system32\MSCTF.dll
0x000007fefd310000 - 0x000007fefd341000 	C:\Windows\system32\nvinitx.dll
0x000007fefd300000 - 0x000007fefd30c000 	C:\Windows\system32\VERSION.dll
0x0000000074be0000 - 0x0000000074be6000 	C:\Program Files\NVIDIA Corporation\CoProcManager\detoured.dll
0x000007fefa5c0000 - 0x000007fefa5f2000 	C:\Program Files\NVIDIA Corporation\CoProcManager\nvd3d9wrapx.dll
0x000007fefedd0000 - 0x000007fefefa7000 	C:\Windows\system32\SETUPAPI.dll
0x000007fefd400000 - 0x000007fefd436000 	C:\Windows\system32\CFGMGR32.dll
0x000007fefec30000 - 0x000007fefed07000 	C:\Windows\system32\OLEAUT32.dll
0x000007feff020000 - 0x000007feff223000 	C:\Windows\system32\ole32.dll
0x000007fefd440000 - 0x000007fefd45a000 	C:\Windows\system32\DEVOBJ.dll
0x000007fef9e30000 - 0x000007fef9e52000 	C:\Program Files\NVIDIA Corporation\CoProcManager\nvdxgiwrapx.dll
0x000000006cbc0000 - 0x000000006cc92000 	C:\Program Files\Android\Android Studio\jre\jre\bin\msvcr100.dll
0x0000000067100000 - 0x000000006793f000 	C:\Program Files\Android\Android Studio\jre\jre\bin\server\jvm.dll
0x000007fef5590000 - 0x000007fef5599000 	C:\Windows\system32\WSOCK32.dll
0x000007fefdca0000 - 0x000007fefdced000 	C:\Windows\system32\WS2_32.dll
0x000007fefec20000 - 0x000007fefec28000 	C:\Windows\system32\NSI.dll
0x000007fefb3a0000 - 0x000007fefb3db000 	C:\Windows\system32\WINMM.dll
0x00000000775d0000 - 0x00000000775d7000 	C:\Windows\system32\PSAPI.DLL
0x000007fef55a0000 - 0x000007fef55af000 	C:\Program Files\Android\Android Studio\jre\jre\bin\verify.dll
0x000007feefd00000 - 0x000007feefd29000 	C:\Program Files\Android\Android Studio\jre\jre\bin\java.dll
0x000007fef1e80000 - 0x000007fef1e96000 	C:\Program Files\Android\Android Studio\jre\jre\bin\zip.dll
0x000007fefde90000 - 0x000007fefec18000 	C:\Windows\system32\SHELL32.dll
0x000007fefd350000 - 0x000007fefd35f000 	C:\Windows\system32\profapi.dll
0x000007fef3260000 - 0x000007fef327a000 	C:\Program Files\Android\Android Studio\jre\jre\bin\net.dll
0x000007fefcb30000 - 0x000007fefcb85000 	C:\Windows\system32\mswsock.dll
0x000007fefcb20000 - 0x000007fefcb27000 	C:\Windows\System32\wship6.dll
0x000007fef0660000 - 0x000007fef0671000 	C:\Program Files\Android\Android Studio\jre\jre\bin\nio.dll
0x000007fefa750000 - 0x000007fefa76e000 	C:\Users\Shafiq\.gradle\native\25\windows-amd64\native-platform.dll
0x000007fef1e70000 - 0x000007fef1e7d000 	C:\Program Files\Android\Android Studio\jre\jre\bin\management.dll
0x000007fefcb90000 - 0x000007fefcba7000 	C:\Windows\system32\CRYPTSP.dll
0x000007fefc890000 - 0x000007fefc8d7000 	C:\Windows\system32\rsaenh.dll
0x000007fefc650000 - 0x000007fefc66e000 	C:\Windows\system32\USERENV.dll
0x000007fefd230000 - 0x000007fefd23f000 	C:\Windows\system32\CRYPTBASE.dll
0x000007fefae70000 - 0x000007fefae97000 	C:\Windows\system32\IPHLPAPI.DLL
0x000007fefae60000 - 0x000007fefae6b000 	C:\Windows\system32\WINNSI.DLL
0x000007fefa3b0000 - 0x000007fefa3c8000 	C:\Windows\system32\dhcpcsvc.DLL
0x000007fefa390000 - 0x000007fefa3a1000 	C:\Windows\system32\dhcpcsvc6.DLL
0x000007fefd190000 - 0x000007fefd1e7000 	C:\Windows\system32\apphelp.dll
0x000007fee21a0000 - 0x000007fee21c4000 	C:\Program Files\Android\Android Studio\jre\jre\bin\sunec.dll
0x000007fefc510000 - 0x000007fefc517000 	C:\Windows\System32\wshtcpip.dll
0x000007fefc9b0000 - 0x000007fefca0b000 	C:\Windows\system32\DNSAPI.dll
0x000007fef7860000 - 0x000007fef7868000 	C:\Windows\system32\rasadhlp.dll
0x000007fefa430000 - 0x000007fefa483000 	C:\Windows\System32\fwpuclnt.dll
0x000007feed400000 - 0x000007feed40b000 	C:\Program Files\Android\Android Studio\jre\jre\bin\sunmscapi.dll
0x000007fefd570000 - 0x000007fefd6d7000 	C:\Windows\system32\CRYPT32.dll
0x0000000000020000 - 0x000000000002f000 	C:\Windows\system32\MSASN1.dll
0x000007feef960000 - 0x000007feefa85000 	C:\Windows\system32\dbghelp.dll

VM Arguments:
jvm_args: -Xmx1536m -Dfile.encoding=windows-1252 -Duser.country=US -Duser.language=en -Duser.variant 
java_command: org.gradle.launcher.daemon.bootstrap.GradleDaemon 4.4
java_class_path (initial): C:\Users\Shafiq\.gradle\wrapper\dists\gradle-4.4-all\9br9xq1tocpiv8o6njlyu5op1\gradle-4.4\lib\gradle-launcher-4.4.jar
Launcher Type: SUN_STANDARD

Environment Variables:
PATH=C:\Program Files (x86)\Common Files\Oracle\Java\javapath;C:\ProgramData\Oracle\Java\javapath;C:\Program Files (x86)\Common Files\ArcSoft\Bin;C:\Windows\system32;C:\Windows;C:\Windows\System32\Wbem;C:\Windows\System32\WindowsPowerShell\v1.0\
USERNAME=Shafiq
OS=Windows_NT
PROCESSOR_IDENTIFIER=Intel64 Family 6 Model 61 Stepping 4, GenuineIntel



---------------  S Y S T E M  ---------------

OS: Windows 7 , 64 bit Build 7601 (6.1.7601.17514)

CPU:total 4 (initial active 4) (2 cores per cpu, 2 threads per core) family 6 model 61 stepping 4, cmov, cx8, fxsr, mmx, sse, sse2, sse3, ssse3, sse4.1, sse4.2, popcnt, avx, avx2, aes, clmul, erms, 3dnowpref, lzcnt, ht, tsc, tscinvbit, bmi1, bmi2, adx

Memory: 4k page, physical 8297976k(812096k free), swap 16594108k(7082320k free)

vm_info: OpenJDK 64-Bit Server VM (25.152-b02) for windows-amd64 JRE (1.8.0_152-release-1024-b02), built by "builder" with MS VC++ 10.0 (VS2010)

time: Wed Aug 01 11:46:25 2018
elapsed time: 3879 seconds (0d 1h 4m 39s)

